TN:
SF:app/api/bookings/route.ts
FNF:6
FNH:6
DA:1,43
DA:2,67
DA:3,24
DA:4,33
DA:5,39
DA:6,53
DA:7,53
DA:8,44
DA:9,57
DA:12,17
DA:13,6
DA:15,54
DA:16,58
DA:18,30
DA:19,40
DA:20,44
DA:21,32
DA:22,0
DA:23,11
DA:24,79
DA:26,0
DA:27,0
DA:28,0
DA:32,17
DA:33,49
DA:41,41
DA:42,31
DA:43,78
DA:44,0
DA:45,2
DA:46,12
DA:49,24
DA:50,36
DA:51,32
DA:52,61
DA:53,50
DA:54,20
DA:58,34
DA:59,78
DA:60,51
DA:61,29
DA:62,3
DA:64,40
DA:65,43
DA:66,109
DA:67,105
DA:68,34
DA:71,75
DA:72,71
DA:73,87
DA:74,3
DA:77,17
DA:78,63
DA:79,44
DA:80,51
DA:82,9
DA:83,38
DA:84,66
DA:86,37
DA:87,122
DA:88,4
DA:90,13
DA:91,12
DA:92,16
DA:93,14
DA:94,22
DA:95,17
DA:96,15
DA:97,29
DA:98,26
DA:101,52
DA:102,90
DA:103,4
DA:104,108
DA:105,21
DA:106,0
DA:107,4
DA:112,78
DA:113,28
DA:115,10
DA:116,0
DA:117,0
DA:118,4
DA:120,18
DA:122,0
DA:123,0
DA:124,0
DA:125,0
DA:126,0
DA:127,4
DA:129,37
DA:130,38
DA:132,11
DA:134,53
DA:135,76
DA:138,69
DA:139,48
DA:140,49
DA:142,37
DA:143,14
DA:144,18
DA:145,16
DA:146,28
DA:147,20
DA:148,19
DA:149,39
DA:150,36
DA:151,10
DA:152,19
DA:153,17
DA:154,30
DA:155,25
DA:156,23
DA:157,20
DA:158,48
DA:159,40
DA:160,39
DA:161,8
DA:164,89
DA:165,30
DA:166,29
DA:167,8
DA:169,27
DA:170,77
DA:172,54
DA:173,53
DA:174,25
DA:175,70
DA:176,17
DA:177,76
DA:178,39
DA:179,54
DA:181,50
DA:182,38
DA:183,31
DA:184,78
DA:185,56
DA:186,88
DA:187,18
DA:188,5
DA:189,0
DA:190,0
DA:191,0
DA:192,0
DA:193,0
DA:194,0
DA:195,0
DA:196,0
DA:197,0
DA:198,0
DA:199,0
DA:200,0
DA:202,12
DA:204,12
DA:205,26
DA:206,0
DA:207,10
DA:208,8
DA:209,8
DA:210,36
DA:211,29
DA:212,37
DA:213,77
DA:214,14
DA:215,6
DA:217,69
DA:218,94
DA:219,69
DA:220,53
DA:221,25
DA:224,34
DA:225,32
DA:226,25
DA:227,72
DA:228,5
DA:229,0
DA:230,0
DA:231,0
DA:232,0
DA:233,0
DA:234,0
DA:235,0
DA:236,0
DA:237,0
DA:238,0
DA:239,0
DA:240,0
DA:241,0
DA:242,0
DA:243,0
DA:244,20
DA:246,80
DA:249,36
DA:250,29
DA:251,58
DA:252,63
DA:253,72
DA:254,17
DA:255,14
DA:256,6
DA:259,57
DA:260,59
DA:264,91
DA:267,91
DA:270,44
DA:271,13
DA:272,29
DA:273,16
DA:274,15
DA:276,59
DA:277,36
DA:278,16
DA:281,53
DA:282,34
DA:283,45
DA:284,47
DA:285,47
DA:286,54
DA:287,47
DA:288,18
DA:289,16
DA:290,19
DA:291,96
DA:292,17
DA:293,34
DA:294,35
DA:295,19
DA:296,39
DA:297,79
DA:298,38
DA:299,78
DA:300,8
DA:303,54
DA:305,34
DA:306,59
DA:307,41
DA:308,43
DA:309,19
DA:310,54
DA:311,20
DA:313,21
DA:314,90
DA:315,83
DA:316,61
DA:317,7
DA:319,10
DA:320,0
DA:321,5
DA:324,19
DA:326,67
DA:327,32
DA:328,0
DA:329,4
DA:331,81
DA:332,52
LF:334
LH:212
end_of_record
TN:
SF:app/api/cars/availability/route.ts
FNF:7
FNH:7
DA:1,43
DA:2,67
DA:3,24
DA:4,57
DA:5,52
DA:6,51
DA:9,45
DA:10,43
DA:11,96
DA:12,90
DA:13,2
DA:15,12
DA:16,63
DA:19,52
DA:20,42
DA:21,50
DA:22,46
DA:25,66
DA:26,10
DA:27,14
DA:28,9
DA:29,5
DA:31,35
DA:32,25
DA:33,84
DA:34,15
DA:35,1
DA:36,2
DA:38,104
DA:41,47
DA:42,40
DA:43,12
DA:44,16
DA:45,12
DA:46,4
DA:49,50
DA:50,16
DA:51,47
DA:52,43
DA:53,50
DA:54,15
DA:55,2
DA:58,41
DA:59,37
DA:61,21
DA:62,25
DA:63,61
DA:64,15
DA:65,1
DA:66,2
DA:69,76
DA:70,25
DA:71,23
DA:72,25
DA:73,28
DA:74,26
DA:75,37
DA:77,27
DA:78,69
DA:79,25
DA:80,48
DA:81,15
DA:82,1
DA:83,2
DA:86,34
DA:87,26
DA:88,43
DA:89,52
DA:90,4
DA:91,2
DA:94,21
DA:98,5
DA:99,47
DA:101,31
DA:102,60
DA:103,63
DA:105,25
DA:106,20
DA:107,40
DA:108,10
DA:109,7
DA:111,49
DA:112,2
DA:115,64
DA:116,17
DA:117,51
DA:118,25
DA:119,32
DA:120,32
DA:121,57
DA:123,23
DA:124,59
DA:126,2
DA:129,41
DA:130,36
DA:131,56
DA:132,52
DA:134,38
DA:135,43
DA:136,64
DA:137,32
DA:138,30
DA:139,6
DA:140,6
DA:141,4
DA:142,2
DA:144,26
DA:145,22
DA:146,30
DA:147,26
DA:148,17
DA:149,16
DA:150,37
DA:151,66
DA:152,66
DA:153,3
DA:154,4
DA:157,83
DA:159,51
DA:160,42
DA:161,48
DA:162,16
DA:166,34
DA:167,40
DA:168,2
LF:168
LH:125
end_of_record
TN:
SF:app/api/webhooks/paypal/route.ts
FNF:6
FNH:4
DA:1,43
DA:2,67
DA:3,24
DA:4,59
DA:5,75
DA:9,35
DA:10,36
DA:11,29
DA:14,34
DA:15,33
DA:16,38
DA:19,29
DA:20,65
DA:21,63
DA:22,57
DA:23,51
DA:24,55
DA:25,55
DA:26,57
DA:27,55
DA:28,51
DA:29,61
DA:30,55
DA:31,2
DA:34,39
DA:35,17
DA:36,25
DA:37,39
DA:38,33
DA:39,24
DA:40,30
DA:41,34
DA:42,24
DA:43,32
DA:44,21
DA:45,18
DA:46,38
DA:47,37
DA:48,42
DA:49,34
DA:50,32
DA:51,32
DA:52,21
DA:53,15
DA:54,17
DA:55,13
DA:56,26
DA:57,26
DA:58,2
DA:61,34
DA:62,45
DA:63,21
DA:64,14
DA:65,10
DA:66,12
DA:67,44
DA:68,9
DA:69,4
DA:71,27
DA:72,55
DA:73,32
DA:74,54
DA:75,0
DA:76,2
DA:81,8
DA:82,25
DA:83,30
DA:86,61
DA:87,50
DA:88,0
DA:89,2
DA:90,2
DA:92,41
DA:93,19
DA:94,58
DA:95,11
DA:96,2
DA:98,54
DA:99,0
DA:100,0
DA:101,2
DA:103,46
DA:104,0
DA:105,0
DA:106,2
DA:108,19
DA:109,11
DA:113,0
DA:114,0
DA:115,0
DA:116,0
DA:117,0
DA:118,0
DA:119,0
DA:120,0
DA:121,0
DA:122,0
DA:123,0
DA:124,0
DA:125,0
DA:126,0
DA:127,0
DA:128,0
DA:129,0
DA:130,0
DA:131,0
DA:132,0
DA:133,0
DA:134,0
DA:135,0
DA:136,0
DA:137,0
DA:138,0
DA:139,0
DA:140,0
DA:141,0
DA:142,0
DA:143,0
DA:148,0
DA:149,0
DA:150,0
DA:151,0
DA:152,0
DA:153,0
DA:154,0
DA:155,0
DA:156,0
DA:157,0
DA:158,0
DA:159,0
DA:160,0
DA:161,0
DA:162,0
DA:163,0
DA:164,0
DA:165,0
DA:166,0
DA:167,0
DA:168,0
DA:169,0
DA:170,0
DA:171,0
DA:172,0
DA:173,0
DA:174,0
DA:175,0
DA:176,0
DA:177,0
DA:178,0
DA:179,0
DA:180,0
DA:181,0
DA:182,0
DA:183,0
DA:184,0
DA:185,0
DA:186,0
DA:187,0
DA:188,0
DA:189,0
DA:190,0
DA:191,0
DA:192,0
DA:193,0
DA:194,0
DA:195,0
DA:196,0
DA:197,0
DA:198,0
DA:199,0
DA:200,0
DA:201,0
DA:202,0
DA:203,0
DA:204,0
DA:205,0
DA:206,0
DA:207,0
DA:208,0
DA:209,0
DA:210,0
DA:211,0
DA:212,0
DA:213,0
DA:214,0
DA:215,0
DA:216,0
DA:217,0
DA:218,0
DA:219,0
DA:220,0
DA:221,0
DA:222,0
DA:223,0
DA:224,0
DA:225,0
DA:226,0
DA:227,0
DA:228,0
DA:229,0
DA:230,0
DA:231,0
DA:232,0
DA:233,0
DA:234,0
DA:235,0
DA:236,0
DA:237,0
DA:238,0
DA:239,0
DA:240,0
DA:241,0
DA:242,0
DA:243,0
DA:244,0
DA:245,0
DA:246,0
DA:247,0
DA:248,0
DA:249,0
DA:250,0
DA:251,0
DA:252,0
DA:253,0
DA:254,0
DA:255,0
DA:256,0
DA:257,0
DA:258,1
DA:262,17
DA:263,31
DA:264,19
DA:265,23
DA:267,9
DA:269,62
DA:270,70
DA:271,58
DA:272,71
DA:275,30
DA:276,0
DA:277,0
DA:278,4
DA:281,41
DA:282,77
DA:283,18
DA:284,18
DA:285,9
DA:286,71
DA:287,4
DA:290,30
DA:291,0
DA:292,0
DA:293,4
DA:296,35
DA:298,37
DA:299,0
DA:300,0
DA:301,4
DA:304,29
DA:305,0
DA:306,0
DA:307,4
DA:310,65
DA:311,45
DA:312,38
DA:313,37
DA:314,6
DA:317,64
DA:318,13
DA:319,0
DA:320,0
DA:321,0
DA:324,0
DA:325,0
DA:326,0
DA:327,0
DA:328,0
DA:329,0
DA:333,0
DA:334,0
DA:335,0
DA:336,0
DA:337,0
DA:338,0
DA:339,0
DA:340,0
DA:342,0
DA:343,0
DA:346,0
DA:347,0
DA:348,0
DA:349,0
DA:350,0
DA:353,0
DA:354,0
DA:355,0
DA:356,0
DA:357,0
DA:358,0
DA:359,0
DA:362,0
DA:364,0
DA:365,0
DA:366,0
DA:369,0
DA:371,0
DA:372,0
DA:373,0
DA:374,0
DA:377,0
DA:378,0
DA:379,0
DA:380,0
DA:381,0
DA:383,0
DA:384,0
DA:385,0
DA:386,0
DA:389,0
DA:390,0
DA:391,0
DA:392,0
DA:393,0
DA:394,0
DA:395,0
DA:397,0
DA:398,0
DA:399,0
DA:400,0
DA:401,0
DA:402,0
DA:403,0
DA:405,0
DA:406,0
DA:407,0
DA:408,0
DA:410,0
DA:411,0
DA:412,0
DA:413,0
DA:414,0
DA:417,0
DA:418,0
DA:419,0
DA:420,0
DA:422,0
DA:423,0
DA:424,0
DA:425,0
DA:427,0
DA:428,0
DA:429,0
DA:430,0
DA:431,0
DA:432,0
DA:434,0
DA:435,0
DA:436,0
DA:439,0
DA:440,0
DA:441,0
DA:442,0
DA:443,0
DA:444,0
DA:445,0
DA:446,0
DA:447,0
DA:448,0
DA:450,0
DA:451,0
DA:454,0
DA:455,0
DA:456,0
DA:457,0
DA:458,0
DA:459,0
DA:460,0
DA:461,0
DA:463,0
DA:464,0
DA:465,0
DA:468,0
DA:469,0
DA:470,0
DA:475,0
DA:477,0
DA:478,0
DA:479,0
DA:486,0
DA:487,0
DA:488,0
DA:489,0
DA:490,0
DA:491,0
DA:492,0
DA:493,0
DA:495,0
DA:496,0
DA:497,0
DA:498,0
DA:501,0
DA:502,0
DA:503,0
DA:504,0
DA:505,0
DA:506,0
DA:507,0
DA:508,0
DA:510,0
DA:511,0
DA:512,0
DA:515,0
DA:516,0
DA:517,0
DA:518,0
DA:519,0
DA:521,0
DA:523,0
DA:524,0
DA:525,0
DA:526,0
DA:528,0
DA:529,0
DA:530,0
DA:531,0
DA:533,0
DA:534,0
DA:535,0
DA:536,0
DA:539,0
DA:540,0
DA:541,0
DA:542,0
DA:543,0
DA:544,0
DA:545,0
DA:546,0
DA:547,0
DA:548,0
DA:551,0
DA:552,0
DA:553,0
DA:554,0
DA:555,0
DA:556,0
DA:558,0
DA:559,0
DA:560,0
DA:561,0
DA:562,1
DA:564,19
DA:566,62
DA:567,27
DA:568,25
DA:569,49
DA:570,7
DA:573,72
DA:574,0
DA:575,4
DA:578,19
DA:579,13
DA:580,45
DA:581,38
DA:582,37
DA:583,10
DA:585,48
DA:586,70
DA:589,40
DA:590,33
DA:592,49
DA:593,62
DA:594,32
DA:595,31
DA:596,18
DA:597,79
DA:598,108
DA:599,57
DA:600,27
DA:601,31
DA:602,26
DA:603,9
DA:604,10
DA:606,28
DA:607,81
DA:608,33
DA:609,13
DA:611,4
DA:614,25
DA:615,36
DA:616,15
DA:617,1
LF:619
LH:155
end_of_record
TN:
SF:lib/config/app.config.ts
FNF:1
FNH:1
DA:6,28
DA:8,12
DA:9,17
DA:10,26
DA:11,19
DA:12,4
DA:15,10
DA:16,29
DA:17,32
DA:18,24
DA:19,4
DA:22,15
DA:23,23
DA:24,19
DA:25,26
DA:26,4
DA:29,17
DA:30,40
DA:31,48
DA:32,37
DA:33,81
DA:34,4
DA:37,15
DA:38,66
DA:39,68
DA:40,62
DA:41,2
DA:42,1
LF:45
LH:28
end_of_record
TN:
SF:lib/constants/docuseal.ts
FNF:1
FNH:1
DA:8,36
DA:10,37
DA:11,33
DA:12,34
DA:13,28
DA:16,24
DA:17,20
DA:20,18
DA:21,45
DA:22,43
DA:23,49
DA:24,45
DA:25,47
DA:26,41
DA:27,38
DA:28,4
DA:31,24
DA:32,23
DA:33,17
DA:34,21
DA:35,21
DA:36,27
DA:37,25
DA:38,20
DA:39,4
DA:42,18
DA:43,25
DA:44,25
DA:45,2
DA:46,1
LF:49
LH:30
end_of_record
TN:
SF:lib/database/circuit-breaker.ts
FNF:11
FNH:1
DA:3,86
DA:4,72
DA:5,64
DA:6,86
DA:26,102
DA:27,64
DA:28,38
DA:29,38
DA:30,36
DA:31,36
DA:32,46
DA:33,36
DA:34,40
DA:35,45
DA:37,0
DA:38,0
DA:39,0
DA:40,0
DA:41,0
DA:42,0
DA:43,0
DA:44,0
DA:45,0
DA:46,0
DA:47,0
DA:48,0
DA:49,0
DA:50,0
DA:51,0
DA:52,0
DA:53,0
DA:54,0
DA:55,0
DA:56,0
DA:57,0
DA:58,0
DA:59,23
DA:63,0
DA:64,0
DA:65,0
DA:66,0
DA:67,0
DA:68,0
DA:69,0
DA:70,0
DA:71,0
DA:72,0
DA:73,0
DA:74,0
DA:75,0
DA:76,0
DA:77,0
DA:78,0
DA:79,24
DA:83,0
DA:84,0
DA:85,0
DA:86,0
DA:87,0
DA:88,0
DA:89,0
DA:90,0
DA:91,0
DA:92,0
DA:93,0
DA:94,0
DA:95,0
DA:96,0
DA:97,0
DA:98,0
DA:99,0
DA:100,0
DA:101,0
DA:102,0
DA:103,0
DA:104,0
DA:105,0
DA:106,0
DA:107,0
DA:108,9
DA:111,0
DA:112,0
DA:113,0
DA:114,0
DA:115,0
DA:116,0
DA:117,0
DA:118,0
DA:119,0
DA:120,0
DA:121,0
DA:122,0
DA:123,0
DA:124,0
DA:125,0
DA:126,0
DA:127,0
DA:128,0
DA:129,0
DA:130,0
DA:131,0
DA:132,0
DA:133,0
DA:134,0
DA:135,0
DA:136,9
DA:139,0
DA:140,0
DA:141,0
DA:142,0
DA:143,0
DA:144,0
DA:145,0
DA:146,0
DA:147,0
DA:148,9
DA:151,0
DA:152,0
DA:153,0
DA:154,0
DA:155,0
DA:156,0
DA:157,0
DA:158,0
DA:159,0
DA:160,0
DA:161,0
DA:162,0
DA:163,0
DA:164,0
DA:165,9
DA:168,0
DA:169,0
DA:170,0
DA:171,0
DA:172,0
DA:173,0
DA:174,0
DA:175,0
DA:176,9
DA:179,0
DA:180,0
DA:181,0
DA:182,0
DA:183,0
DA:184,0
DA:185,0
DA:186,0
DA:187,0
DA:188,8
DA:191,0
DA:192,0
DA:193,0
DA:194,0
DA:195,0
DA:196,0
DA:197,0
DA:198,0
DA:199,0
DA:200,24
DA:202,1
LF:202
LH:24
end_of_record
TN:
SF:lib/database/client-manager.ts
FNF:9
FNH:0
DA:1,53
DA:2,72
DA:3,51
DA:4,51
DA:5,47
DA:6,66
DA:10,23
DA:11,22
DA:12,23
DA:14,33
DA:15,32
DA:16,33
DA:18,26
DA:19,25
DA:20,26
DA:23,27
DA:31,0
DA:32,0
DA:33,0
DA:34,0
DA:35,0
DA:36,0
DA:37,0
DA:38,0
DA:39,0
DA:40,0
DA:41,0
DA:42,0
DA:43,0
DA:44,0
DA:45,0
DA:46,0
DA:47,0
DA:48,0
DA:49,0
DA:50,0
DA:51,0
DA:52,0
DA:53,0
DA:54,0
DA:55,0
DA:56,0
DA:57,0
DA:58,0
DA:59,0
DA:60,0
DA:61,0
DA:62,0
DA:63,0
DA:64,0
DA:65,0
DA:66,0
DA:67,0
DA:68,0
DA:69,0
DA:70,0
DA:71,0
DA:72,1
DA:76,0
DA:77,0
DA:78,0
DA:79,0
DA:80,0
DA:81,0
DA:82,0
DA:83,0
DA:84,0
DA:85,0
DA:86,0
DA:87,0
DA:88,0
DA:89,0
DA:90,0
DA:91,0
DA:92,0
DA:93,0
DA:94,0
DA:95,0
DA:96,0
DA:97,0
DA:98,0
DA:99,0
DA:100,0
DA:101,0
DA:102,0
DA:103,0
DA:104,0
DA:105,0
DA:106,0
DA:107,0
DA:108,0
DA:109,0
DA:110,0
DA:111,0
DA:112,0
DA:113,0
DA:114,0
DA:115,0
DA:116,0
DA:117,0
DA:118,0
DA:119,0
DA:120,0
DA:121,0
DA:122,0
DA:123,0
DA:124,0
DA:125,0
DA:126,0
DA:127,0
DA:128,0
DA:129,0
DA:130,0
DA:131,0
DA:132,0
DA:133,0
DA:134,0
DA:135,0
DA:136,0
DA:137,0
DA:138,0
DA:139,0
DA:140,0
DA:141,0
DA:142,0
DA:143,0
DA:144,0
DA:145,0
DA:146,0
DA:147,0
DA:148,0
DA:149,0
DA:150,1
DA:154,0
DA:155,0
DA:156,0
DA:157,0
DA:158,0
DA:159,0
DA:160,0
DA:161,0
DA:162,0
DA:163,0
DA:164,0
DA:165,0
DA:166,0
DA:167,0
DA:168,0
DA:169,0
DA:170,0
DA:171,0
DA:172,0
DA:173,0
DA:174,0
DA:175,0
DA:176,0
DA:177,0
DA:178,0
DA:179,0
DA:180,0
DA:181,0
DA:182,0
DA:183,0
DA:184,0
DA:185,0
DA:186,0
DA:187,0
DA:188,0
DA:189,0
DA:190,0
DA:191,0
DA:192,0
DA:193,0
DA:194,0
DA:195,1
DA:199,0
DA:200,0
DA:201,0
DA:202,0
DA:203,0
DA:204,0
DA:205,0
DA:206,0
DA:207,0
DA:208,0
DA:209,0
DA:210,0
DA:211,0
DA:212,0
DA:213,0
DA:214,0
DA:215,0
DA:216,0
DA:217,0
DA:218,0
DA:219,1
DA:224,0
DA:225,0
DA:226,0
DA:227,0
DA:228,0
DA:229,1
DA:233,0
DA:234,0
DA:235,0
DA:236,0
DA:237,0
DA:238,0
DA:239,0
DA:240,0
DA:241,0
DA:242,0
DA:243,0
DA:244,0
DA:245,0
DA:246,0
DA:247,0
DA:248,0
DA:249,1
DA:253,0
DA:254,0
DA:255,0
DA:256,0
DA:257,0
DA:258,0
DA:259,0
DA:260,0
DA:261,0
DA:262,0
DA:263,0
DA:264,0
DA:265,0
DA:266,0
DA:267,0
DA:268,0
DA:269,0
DA:270,0
DA:271,0
DA:272,0
DA:273,0
DA:274,0
DA:275,0
DA:276,0
DA:277,0
DA:278,0
DA:279,0
DA:280,0
DA:281,1
DA:285,37
DA:286,0
DA:287,0
DA:289,4
DA:291,0
DA:292,0
DA:294,3
LF:295
LH:26
end_of_record
TN:
SF:lib/database/config.ts
FNF:2
FNH:0
DA:22,37
DA:23,21
DA:24,26
DA:25,19
DA:26,19
DA:27,19
DA:28,29
DA:29,29
DA:30,29
DA:31,2
DA:34,0
DA:35,0
DA:36,0
DA:37,0
DA:38,0
DA:39,0
DA:40,0
DA:41,0
DA:42,0
DA:43,0
DA:44,0
DA:45,0
DA:46,0
DA:47,0
DA:48,0
DA:49,0
DA:50,0
DA:51,0
DA:52,0
DA:53,0
DA:54,0
DA:55,0
DA:56,0
DA:57,0
DA:58,0
DA:59,0
DA:60,0
DA:61,0
DA:62,0
DA:63,0
DA:64,0
DA:65,0
DA:66,0
DA:67,0
DA:68,0
DA:69,0
DA:70,0
DA:71,0
DA:72,0
DA:73,0
DA:74,0
DA:75,0
DA:76,0
DA:77,0
DA:78,0
DA:79,0
DA:80,0
DA:85,0
DA:86,0
DA:87,0
DA:88,0
DA:89,0
DA:90,0
DA:91,0
DA:92,0
DA:93,0
DA:94,0
DA:95,0
DA:96,0
LF:100
LH:10
end_of_record
TN:
SF:lib/database/connection-pool.ts
FNF:11
FNH:0
DA:47,1
DA:49,0
DA:50,0
DA:51,0
DA:52,0
DA:53,0
DA:54,0
DA:55,0
DA:56,0
DA:57,0
DA:58,0
DA:59,0
DA:60,0
DA:61,0
DA:62,0
DA:63,0
DA:64,0
DA:65,0
DA:66,0
DA:67,0
DA:68,0
DA:69,0
DA:70,0
DA:71,0
DA:72,0
DA:73,0
DA:74,0
DA:75,0
DA:76,0
DA:77,0
DA:78,0
DA:79,0
DA:80,0
DA:81,0
DA:82,0
DA:83,0
DA:84,0
DA:85,0
DA:86,0
DA:87,0
DA:88,0
DA:89,0
DA:90,0
DA:91,0
DA:92,0
DA:93,0
DA:94,0
DA:95,0
DA:96,0
DA:97,0
DA:98,0
DA:99,0
DA:100,0
DA:101,0
DA:102,0
DA:103,0
DA:104,8
DA:107,0
DA:108,0
DA:109,0
DA:110,0
DA:111,0
DA:112,0
DA:113,0
DA:114,0
DA:115,0
DA:116,0
DA:117,0
DA:118,0
DA:119,0
DA:120,0
DA:121,0
DA:122,0
DA:123,0
DA:124,0
DA:125,0
DA:126,0
DA:127,0
DA:128,0
DA:129,0
DA:130,0
DA:131,0
DA:132,0
DA:133,0
DA:134,0
DA:135,0
DA:136,0
DA:137,0
DA:138,0
DA:139,0
DA:140,0
DA:141,0
DA:142,0
DA:143,0
DA:144,0
DA:145,0
DA:146,0
DA:147,0
DA:148,0
DA:149,0
DA:150,0
DA:151,0
DA:152,0
DA:153,0
DA:154,0
DA:155,0
DA:156,0
DA:157,0
DA:158,0
DA:159,0
DA:160,0
DA:161,0
DA:162,0
DA:163,0
DA:164,0
DA:165,0
DA:166,0
DA:167,0
DA:168,0
DA:169,0
DA:170,0
DA:171,0
DA:172,0
DA:173,0
DA:174,0
DA:175,0
DA:176,32
DA:179,0
DA:180,33
DA:183,0
DA:184,0
DA:185,0
DA:186,0
DA:187,0
DA:188,0
DA:189,0
DA:190,0
DA:191,0
DA:192,0
DA:193,0
DA:194,0
DA:195,0
DA:196,0
DA:197,0
DA:198,0
DA:199,0
DA:200,0
DA:201,0
DA:202,0
DA:203,0
DA:204,0
DA:205,0
DA:206,0
DA:207,0
DA:208,0
DA:209,0
DA:210,0
DA:211,0
DA:212,0
DA:213,0
DA:214,24
DA:217,0
DA:218,0
DA:219,0
DA:220,0
DA:221,0
DA:222,37
DA:225,0
DA:226,0
DA:227,0
DA:228,0
DA:229,0
DA:230,0
DA:231,0
DA:232,65
DA:235,0
DA:236,0
DA:237,0
DA:238,0
DA:239,0
DA:240,0
DA:241,0
DA:242,0
DA:243,0
DA:244,0
DA:245,0
DA:246,0
DA:247,0
DA:248,0
DA:249,0
DA:250,0
DA:251,0
DA:252,34
DA:254,1
LF:254
LH:9
end_of_record
TN:
SF:lib/database/monitoring.ts
FNF:9
FNH:0
DA:30,1
DA:32,0
DA:33,0
DA:34,0
DA:35,0
DA:36,0
DA:37,0
DA:38,0
DA:39,36
DA:42,0
DA:43,0
DA:44,0
DA:45,0
DA:46,0
DA:47,0
DA:48,0
DA:49,0
DA:50,0
DA:51,0
DA:52,0
DA:53,0
DA:54,0
DA:55,0
DA:56,0
DA:57,0
DA:58,0
DA:59,0
DA:60,0
DA:61,0
DA:62,0
DA:63,0
DA:64,0
DA:65,0
DA:66,0
DA:67,0
DA:68,0
DA:69,0
DA:70,0
DA:71,0
DA:72,0
DA:73,0
DA:74,0
DA:75,0
DA:76,0
DA:77,0
DA:78,0
DA:79,0
DA:80,0
DA:81,0
DA:82,0
DA:83,0
DA:84,0
DA:85,0
DA:86,0
DA:87,0
DA:88,8
DA:91,0
DA:92,0
DA:93,0
DA:94,0
DA:95,0
DA:96,0
DA:97,0
DA:98,0
DA:99,0
DA:100,0
DA:101,0
DA:102,0
DA:103,0
DA:104,0
DA:105,0
DA:106,0
DA:107,0
DA:108,0
DA:109,0
DA:110,0
DA:111,0
DA:112,0
DA:113,0
DA:114,35
DA:117,0
DA:118,0
DA:119,0
DA:120,0
DA:121,0
DA:122,0
DA:123,0
DA:124,0
DA:125,0
DA:126,0
DA:127,0
DA:128,0
DA:129,0
DA:130,0
DA:131,0
DA:132,0
DA:133,0
DA:134,0
DA:135,0
DA:136,0
DA:137,0
DA:138,0
DA:139,0
DA:140,0
DA:141,0
DA:142,0
DA:143,0
DA:144,0
DA:145,7
DA:148,0
DA:149,31
DA:152,0
DA:153,84
DA:156,0
DA:157,0
DA:158,0
DA:159,0
DA:160,0
DA:161,0
DA:162,0
DA:163,0
DA:164,0
DA:165,0
DA:166,0
DA:167,0
DA:168,0
DA:169,0
DA:170,0
DA:171,0
DA:172,0
DA:173,0
DA:174,0
DA:175,0
DA:176,0
DA:177,0
DA:178,0
DA:179,0
DA:180,0
DA:181,0
DA:182,0
DA:183,0
DA:184,0
DA:185,0
DA:186,0
DA:187,0
DA:188,8
DA:191,0
DA:192,0
DA:193,0
DA:194,0
DA:195,7
DA:199,0
DA:200,0
DA:201,0
DA:202,0
DA:203,0
DA:204,0
DA:205,0
DA:206,0
DA:207,0
DA:208,0
DA:209,0
DA:210,0
DA:211,0
DA:212,0
DA:213,0
DA:214,0
DA:215,0
DA:216,0
DA:217,0
DA:218,0
DA:219,0
DA:220,0
DA:221,0
DA:222,0
DA:223,0
DA:224,0
DA:225,53
DA:227,1
LF:227
LH:11
end_of_record
TN:
SF:lib/email-templates/booking-cancellation.tsx
FNF:2
FNH:0
DA:21,0
DA:22,0
DA:23,0
DA:24,0
DA:25,0
DA:26,0
DA:27,0
DA:28,0
DA:29,0
DA:30,0
DA:31,0
DA:32,0
DA:33,0
DA:34,0
DA:35,0
DA:36,0
DA:37,0
DA:38,0
DA:39,0
DA:40,0
DA:41,0
DA:42,0
DA:43,0
DA:44,0
DA:45,0
DA:46,0
DA:47,0
DA:48,0
DA:49,0
DA:50,0
DA:51,0
DA:52,0
DA:53,0
DA:54,0
DA:55,0
DA:56,0
DA:57,0
DA:58,0
DA:59,0
DA:60,0
DA:61,0
DA:62,0
DA:63,0
DA:64,0
DA:65,0
DA:66,0
DA:67,0
DA:68,0
DA:69,0
DA:70,0
DA:71,0
DA:72,0
DA:73,0
DA:74,0
DA:75,0
DA:76,0
DA:77,0
DA:78,0
DA:79,0
DA:80,0
DA:81,0
DA:82,0
DA:83,0
DA:84,0
DA:85,0
DA:86,0
DA:87,0
DA:88,0
DA:89,0
DA:90,0
DA:91,0
DA:92,0
DA:93,0
DA:94,0
DA:95,0
DA:96,0
DA:97,0
DA:98,0
DA:99,0
DA:100,0
DA:101,0
DA:102,0
DA:103,0
DA:104,0
DA:105,0
DA:106,0
DA:107,0
DA:108,0
DA:109,0
DA:110,0
DA:111,0
DA:112,0
DA:113,0
DA:114,0
DA:115,0
DA:116,0
DA:117,0
DA:118,0
DA:119,0
DA:120,0
DA:121,0
DA:122,0
DA:123,0
DA:124,0
DA:125,0
DA:126,0
DA:127,0
DA:128,0
DA:129,0
DA:130,0
DA:131,0
DA:132,0
DA:133,0
DA:134,0
DA:135,0
DA:136,0
DA:137,0
DA:138,0
DA:139,0
DA:140,0
DA:141,0
DA:142,0
DA:143,0
DA:144,0
DA:145,0
DA:146,0
DA:147,0
DA:148,0
DA:149,0
DA:150,0
DA:151,0
DA:152,0
DA:153,0
DA:154,0
DA:155,0
DA:156,0
DA:157,0
DA:158,0
DA:159,0
DA:160,0
DA:161,0
DA:162,0
DA:163,0
DA:164,0
DA:165,0
DA:166,0
DA:167,0
DA:168,0
DA:169,0
DA:170,0
DA:171,0
DA:172,0
DA:173,0
DA:174,0
DA:175,0
DA:176,0
DA:177,0
DA:178,0
DA:179,0
DA:180,0
DA:181,0
DA:182,0
DA:183,0
DA:184,0
DA:185,0
DA:186,0
DA:187,0
DA:188,0
DA:189,0
DA:190,0
DA:191,0
DA:192,0
DA:193,0
DA:194,0
DA:195,0
DA:196,0
DA:197,0
DA:198,0
DA:199,0
DA:200,0
DA:201,0
DA:202,0
DA:203,0
DA:204,0
DA:205,0
DA:206,0
DA:207,0
DA:208,0
DA:209,0
DA:210,0
DA:211,0
DA:212,0
DA:213,0
DA:214,0
DA:215,0
DA:216,0
DA:217,0
DA:218,0
DA:219,0
DA:220,0
DA:221,0
DA:222,0
DA:223,0
DA:224,0
DA:225,0
DA:226,0
DA:227,0
DA:228,0
DA:229,0
DA:230,0
DA:231,0
DA:232,0
DA:233,0
DA:234,0
DA:235,0
DA:236,0
DA:237,0
DA:238,0
DA:239,0
DA:240,0
DA:241,0
DA:242,0
DA:243,0
DA:244,0
DA:245,0
DA:246,0
DA:247,0
DA:248,0
DA:249,0
DA:250,0
DA:251,0
DA:252,0
DA:253,0
DA:254,0
DA:255,0
DA:256,0
DA:257,0
DA:258,0
DA:259,0
DA:260,0
DA:261,0
DA:262,0
DA:263,0
DA:264,0
DA:265,0
DA:266,0
DA:267,0
DA:268,0
DA:269,0
DA:270,0
DA:271,0
DA:272,0
DA:273,0
DA:274,0
DA:275,0
DA:276,0
DA:277,0
DA:278,0
DA:279,0
DA:280,0
DA:281,0
DA:282,0
DA:283,0
DA:284,0
DA:285,0
DA:286,0
DA:287,0
DA:288,0
DA:289,0
DA:290,0
DA:291,0
DA:292,0
DA:293,0
DA:294,0
DA:295,0
DA:296,0
DA:297,0
DA:298,0
DA:299,0
DA:300,0
DA:301,0
DA:302,0
DA:303,0
DA:304,0
DA:305,0
DA:306,0
DA:307,0
DA:308,0
DA:309,0
DA:310,0
DA:311,0
DA:312,0
DA:313,0
DA:314,0
DA:315,0
DA:316,0
DA:317,0
DA:318,0
DA:319,0
DA:320,0
DA:321,0
DA:322,0
DA:323,0
DA:324,0
DA:325,0
DA:326,0
DA:327,0
DA:328,0
DA:329,0
DA:330,0
DA:331,0
DA:332,0
DA:333,0
DA:334,0
DA:335,0
DA:336,0
DA:337,0
DA:338,0
DA:339,0
DA:340,0
DA:341,0
DA:342,0
DA:343,0
DA:344,0
DA:345,0
DA:346,0
DA:347,0
DA:348,0
DA:349,0
DA:350,0
DA:351,0
DA:352,0
DA:353,0
DA:354,0
DA:355,0
DA:356,0
DA:357,0
DA:358,0
DA:359,0
DA:360,0
DA:361,0
DA:362,0
DA:363,0
DA:364,0
DA:365,0
DA:366,0
DA:367,0
DA:368,0
DA:369,0
DA:370,0
DA:371,0
DA:372,0
DA:373,0
DA:374,0
DA:375,0
DA:376,0
DA:377,0
DA:378,0
DA:379,0
DA:380,0
DA:381,0
DA:382,0
DA:383,0
DA:384,0
DA:385,0
DA:386,0
DA:387,0
DA:388,0
DA:389,0
DA:390,0
DA:391,0
DA:392,0
DA:393,0
DA:394,0
DA:395,0
DA:396,0
DA:397,0
DA:398,0
DA:399,0
DA:400,0
DA:401,0
DA:402,0
DA:403,0
DA:404,0
DA:405,0
DA:406,0
DA:407,0
DA:408,0
DA:409,0
DA:410,0
DA:411,0
DA:412,0
DA:413,0
DA:414,0
DA:415,0
DA:416,0
DA:417,0
DA:418,0
DA:419,0
DA:420,0
DA:421,0
DA:422,0
DA:423,0
DA:424,0
DA:425,0
DA:426,0
DA:427,0
DA:428,0
DA:429,0
DA:430,0
DA:431,0
DA:432,0
DA:433,0
DA:434,0
DA:435,0
DA:436,0
DA:437,0
DA:438,0
DA:439,0
DA:440,0
DA:441,0
DA:442,0
DA:443,0
DA:444,0
DA:445,0
DA:446,0
DA:447,0
DA:448,0
DA:449,0
DA:450,0
DA:451,0
DA:452,0
DA:453,0
DA:454,0
DA:455,0
DA:456,0
DA:457,0
DA:458,0
DA:459,0
DA:460,0
DA:461,0
DA:462,0
DA:463,0
DA:464,0
DA:465,0
DA:466,0
DA:467,0
DA:468,0
DA:469,0
DA:470,0
DA:471,0
DA:472,0
DA:473,0
DA:474,0
DA:475,0
DA:476,0
DA:477,0
DA:478,0
DA:479,0
DA:480,0
DA:481,0
DA:482,0
DA:483,0
DA:484,0
DA:485,0
DA:486,0
DA:487,0
DA:488,0
DA:489,0
DA:490,0
DA:491,0
DA:492,0
DA:493,0
DA:494,0
DA:495,0
DA:496,0
DA:497,0
DA:498,0
DA:499,0
DA:500,0
DA:501,0
DA:502,0
DA:503,0
DA:504,0
DA:505,0
DA:506,0
DA:507,0
DA:508,0
DA:509,0
DA:510,0
DA:511,0
DA:512,0
DA:513,0
DA:514,0
DA:515,0
DA:516,0
DA:517,0
DA:518,0
DA:519,0
DA:520,0
DA:521,0
DA:522,0
DA:523,0
DA:524,0
DA:525,0
DA:526,0
DA:527,0
DA:528,0
DA:529,0
DA:530,0
DA:531,0
DA:532,0
DA:533,0
DA:534,0
DA:535,0
DA:536,0
DA:537,0
DA:538,0
DA:539,0
DA:540,0
DA:541,0
DA:542,0
DA:543,0
DA:544,0
DA:545,0
DA:546,0
DA:547,0
DA:548,0
DA:549,0
DA:550,0
DA:551,0
DA:552,0
DA:553,0
DA:554,0
DA:555,0
DA:556,0
DA:557,0
DA:558,0
DA:559,0
DA:560,0
DA:561,0
DA:562,0
DA:563,0
DA:564,0
DA:565,0
DA:566,0
DA:567,0
DA:568,0
DA:569,0
DA:570,0
DA:571,0
DA:572,0
DA:573,0
DA:574,2
DA:583,0
DA:584,0
DA:585,0
DA:586,0
DA:587,0
DA:588,0
DA:589,0
DA:590,0
DA:591,0
DA:592,0
DA:593,0
DA:594,0
DA:595,0
DA:596,0
DA:597,0
DA:598,0
DA:599,0
DA:600,0
DA:601,0
DA:602,0
DA:603,0
DA:604,0
DA:605,0
DA:606,0
DA:607,0
DA:608,0
DA:609,0
DA:610,0
DA:611,0
DA:612,0
DA:613,0
DA:614,0
DA:615,0
DA:616,0
DA:617,0
DA:618,0
DA:619,0
DA:620,0
DA:621,0
DA:622,0
DA:623,0
DA:624,0
DA:625,0
DA:626,0
DA:627,0
DA:628,0
DA:629,0
DA:630,0
DA:631,0
DA:632,0
DA:633,0
DA:634,0
DA:635,0
DA:636,0
DA:637,0
DA:638,0
DA:639,0
DA:640,0
DA:641,0
DA:642,0
DA:643,0
DA:644,0
DA:645,0
DA:646,0
DA:647,0
DA:648,0
DA:649,0
DA:650,0
DA:651,0
DA:652,0
DA:653,0
DA:654,0
DA:655,0
DA:656,0
DA:657,0
DA:658,0
DA:659,0
DA:660,0
DA:661,0
DA:662,0
DA:663,0
DA:664,0
DA:665,0
DA:666,0
DA:667,0
DA:668,0
DA:669,0
DA:670,0
DA:671,0
DA:672,0
DA:673,0
DA:674,0
DA:675,0
DA:676,0
DA:677,0
DA:678,0
DA:679,0
DA:680,0
DA:681,0
DA:682,0
DA:683,0
DA:684,0
DA:685,0
DA:686,0
DA:687,0
DA:688,1
LF:713
LH:2
end_of_record
TN:
SF:lib/email-templates/booking-confirmation.tsx
FNF:6
FNH:6
DA:21,60
DA:22,11
DA:23,17
DA:24,14
DA:25,12
DA:26,13
DA:27,12
DA:28,15
DA:29,16
DA:30,68
DA:31,48
DA:32,15
DA:33,13
DA:34,14
DA:35,9
DA:36,12
DA:37,15
DA:38,21
DA:39,7
DA:41,36
DA:42,60
DA:43,22
DA:44,22
DA:45,20
DA:46,18
DA:47,5
DA:50,53
DA:51,45
DA:52,24
DA:53,26
DA:54,20
DA:57,6874
DA:361,417
DA:370,137
DA:375,113
DA:376,49
DA:377,224
DA:383,192
DA:388,205
DA:393,208
DA:398,219
DA:403,201
DA:408,197
DA:413,92
DA:416,157
DA:419,77
DA:421,175
DA:425,657
DA:442,532
DA:456,287
DA:461,87
DA:462,128
DA:471,61
DA:472,11
DA:473,17
DA:474,14
DA:475,12
DA:476,12
DA:477,15
DA:478,16
DA:479,68
DA:480,48
DA:481,15
DA:482,13
DA:483,14
DA:484,9
DA:485,12
DA:486,15
DA:487,21
DA:488,7
DA:490,36
DA:491,60
DA:492,22
DA:493,22
DA:494,20
DA:495,18
DA:496,5
DA:499,53
DA:500,45
DA:501,24
DA:502,26
DA:503,20
DA:506,44
DA:509,216
DA:513,62
DA:517,21
DA:518,36
DA:519,38
DA:520,41
DA:521,47
DA:522,34
DA:523,30
DA:524,38
DA:525,81
DA:526,343
DA:536,174
DA:545,133
DA:547,7
LF:561
LH:98
end_of_record
TN:
SF:lib/email-templates/booking-modification.tsx
FNF:2
FNH:0
DA:21,0
DA:22,0
DA:23,0
DA:24,0
DA:25,0
DA:26,0
DA:27,0
DA:28,0
DA:29,0
DA:30,0
DA:31,0
DA:32,0
DA:33,0
DA:34,0
DA:35,0
DA:36,0
DA:37,0
DA:38,0
DA:39,0
DA:40,0
DA:41,0
DA:42,0
DA:43,0
DA:44,0
DA:45,0
DA:46,0
DA:47,0
DA:48,0
DA:49,0
DA:50,0
DA:51,0
DA:52,0
DA:53,0
DA:54,0
DA:55,0
DA:56,0
DA:57,0
DA:58,0
DA:59,0
DA:60,0
DA:61,0
DA:62,0
DA:63,0
DA:64,0
DA:65,0
DA:66,0
DA:67,0
DA:68,0
DA:69,0
DA:70,0
DA:71,0
DA:72,0
DA:73,0
DA:74,0
DA:75,0
DA:76,0
DA:77,0
DA:78,0
DA:79,0
DA:80,0
DA:81,0
DA:82,0
DA:83,0
DA:84,0
DA:85,0
DA:86,0
DA:87,0
DA:88,0
DA:89,0
DA:90,0
DA:91,0
DA:92,0
DA:93,0
DA:94,0
DA:95,0
DA:96,0
DA:97,0
DA:98,0
DA:99,0
DA:100,0
DA:101,0
DA:102,0
DA:103,0
DA:104,0
DA:105,0
DA:106,0
DA:107,0
DA:108,0
DA:109,0
DA:110,0
DA:111,0
DA:112,0
DA:113,0
DA:114,0
DA:115,0
DA:116,0
DA:117,0
DA:118,0
DA:119,0
DA:120,0
DA:121,0
DA:122,0
DA:123,0
DA:124,0
DA:125,0
DA:126,0
DA:127,0
DA:128,0
DA:129,0
DA:130,0
DA:131,0
DA:132,0
DA:133,0
DA:134,0
DA:135,0
DA:136,0
DA:137,0
DA:138,0
DA:139,0
DA:140,0
DA:141,0
DA:142,0
DA:143,0
DA:144,0
DA:145,0
DA:146,0
DA:147,0
DA:148,0
DA:149,0
DA:150,0
DA:151,0
DA:152,0
DA:153,0
DA:154,0
DA:155,0
DA:156,0
DA:157,0
DA:158,0
DA:159,0
DA:160,0
DA:161,0
DA:162,0
DA:163,0
DA:164,0
DA:165,0
DA:166,0
DA:167,0
DA:168,0
DA:169,0
DA:170,0
DA:171,0
DA:172,0
DA:173,0
DA:174,0
DA:175,0
DA:176,0
DA:177,0
DA:178,0
DA:179,0
DA:180,0
DA:181,0
DA:182,0
DA:183,0
DA:184,0
DA:185,0
DA:186,0
DA:187,0
DA:188,0
DA:189,0
DA:190,0
DA:191,0
DA:192,0
DA:193,0
DA:194,0
DA:195,0
DA:196,0
DA:197,0
DA:198,0
DA:199,0
DA:200,0
DA:201,0
DA:202,0
DA:203,0
DA:204,0
DA:205,0
DA:206,0
DA:207,0
DA:208,0
DA:209,0
DA:210,0
DA:211,0
DA:212,0
DA:213,0
DA:214,0
DA:215,0
DA:216,0
DA:217,0
DA:218,0
DA:219,0
DA:220,0
DA:221,0
DA:222,0
DA:223,0
DA:224,0
DA:225,0
DA:226,0
DA:227,0
DA:228,0
DA:229,0
DA:230,0
DA:231,0
DA:232,0
DA:233,0
DA:234,0
DA:235,0
DA:236,0
DA:237,0
DA:238,0
DA:239,0
DA:240,0
DA:241,0
DA:242,0
DA:243,0
DA:244,0
DA:245,0
DA:246,0
DA:247,0
DA:248,0
DA:249,0
DA:250,0
DA:251,0
DA:252,0
DA:253,0
DA:254,0
DA:255,0
DA:256,0
DA:257,0
DA:258,0
DA:259,0
DA:260,0
DA:261,0
DA:262,0
DA:263,0
DA:264,0
DA:265,0
DA:266,0
DA:267,0
DA:268,0
DA:269,0
DA:270,0
DA:271,0
DA:272,0
DA:273,0
DA:274,0
DA:275,0
DA:276,0
DA:277,0
DA:278,0
DA:279,0
DA:280,0
DA:281,0
DA:282,0
DA:283,0
DA:284,0
DA:285,0
DA:286,0
DA:287,0
DA:288,0
DA:289,0
DA:290,0
DA:291,0
DA:292,0
DA:293,0
DA:294,0
DA:295,0
DA:296,0
DA:297,0
DA:298,0
DA:299,0
DA:300,0
DA:301,0
DA:302,0
DA:303,0
DA:304,0
DA:305,0
DA:306,0
DA:307,0
DA:308,0
DA:309,0
DA:310,0
DA:311,0
DA:312,0
DA:313,0
DA:314,0
DA:315,0
DA:316,0
DA:317,0
DA:318,0
DA:319,0
DA:320,0
DA:321,0
DA:322,0
DA:323,0
DA:324,0
DA:325,0
DA:326,0
DA:327,0
DA:328,0
DA:329,0
DA:330,0
DA:331,0
DA:332,0
DA:333,0
DA:334,0
DA:335,0
DA:336,0
DA:337,0
DA:338,0
DA:339,0
DA:340,0
DA:341,0
DA:342,0
DA:343,0
DA:344,0
DA:345,0
DA:346,0
DA:347,0
DA:348,0
DA:349,0
DA:350,0
DA:351,0
DA:352,0
DA:353,0
DA:354,0
DA:355,0
DA:356,0
DA:357,0
DA:358,0
DA:359,0
DA:360,0
DA:361,0
DA:362,0
DA:363,0
DA:364,0
DA:365,0
DA:366,0
DA:367,0
DA:368,0
DA:369,0
DA:370,0
DA:371,0
DA:372,0
DA:373,0
DA:374,0
DA:375,0
DA:376,0
DA:377,0
DA:378,0
DA:379,0
DA:380,0
DA:381,0
DA:382,0
DA:383,0
DA:384,0
DA:385,0
DA:386,0
DA:387,0
DA:388,0
DA:389,0
DA:390,0
DA:391,0
DA:392,0
DA:393,0
DA:394,0
DA:395,0
DA:396,0
DA:397,0
DA:398,0
DA:399,0
DA:400,0
DA:401,0
DA:402,0
DA:403,0
DA:404,0
DA:405,0
DA:406,0
DA:407,0
DA:408,0
DA:409,0
DA:410,0
DA:411,0
DA:412,0
DA:413,0
DA:414,0
DA:415,0
DA:416,0
DA:417,0
DA:418,0
DA:419,0
DA:420,0
DA:421,0
DA:422,0
DA:423,0
DA:424,0
DA:425,0
DA:426,0
DA:427,0
DA:428,0
DA:429,0
DA:430,0
DA:431,0
DA:432,0
DA:433,0
DA:434,0
DA:435,0
DA:436,0
DA:437,0
DA:438,0
DA:439,0
DA:440,0
DA:441,0
DA:442,0
DA:443,0
DA:444,0
DA:445,0
DA:446,0
DA:447,0
DA:448,0
DA:449,0
DA:450,0
DA:451,0
DA:452,0
DA:453,0
DA:454,0
DA:455,0
DA:456,0
DA:457,0
DA:458,0
DA:459,0
DA:460,0
DA:461,0
DA:462,0
DA:463,0
DA:464,0
DA:465,0
DA:466,0
DA:467,0
DA:468,0
DA:469,0
DA:470,0
DA:471,0
DA:472,0
DA:473,0
DA:474,0
DA:475,0
DA:476,0
DA:477,0
DA:478,0
DA:479,0
DA:480,0
DA:481,0
DA:482,0
DA:483,0
DA:484,0
DA:485,0
DA:486,0
DA:487,0
DA:488,0
DA:489,0
DA:490,0
DA:491,0
DA:492,0
DA:493,0
DA:494,0
DA:495,0
DA:496,0
DA:497,0
DA:498,0
DA:499,0
DA:500,0
DA:501,0
DA:502,0
DA:503,0
DA:504,0
DA:505,0
DA:506,0
DA:507,0
DA:508,0
DA:509,0
DA:510,0
DA:511,0
DA:512,0
DA:513,0
DA:514,0
DA:515,0
DA:516,0
DA:517,0
DA:518,0
DA:519,2
DA:528,0
DA:529,0
DA:530,0
DA:531,0
DA:532,0
DA:533,0
DA:534,0
DA:535,0
DA:536,0
DA:537,0
DA:538,0
DA:539,0
DA:540,0
DA:541,0
DA:542,0
DA:543,0
DA:544,0
DA:545,0
DA:546,0
DA:547,0
DA:548,0
DA:549,0
DA:550,0
DA:551,0
DA:552,0
DA:553,0
DA:554,0
DA:555,0
DA:556,0
DA:557,0
DA:558,0
DA:559,0
DA:560,0
DA:561,0
DA:562,0
DA:563,0
DA:564,0
DA:565,0
DA:566,0
DA:567,0
DA:568,0
DA:569,0
DA:570,0
DA:571,0
DA:572,0
DA:573,0
DA:574,0
DA:575,0
DA:576,0
DA:577,0
DA:578,0
DA:579,0
DA:580,0
DA:581,0
DA:582,0
DA:583,0
DA:584,0
DA:585,0
DA:586,0
DA:587,0
DA:588,0
DA:589,0
DA:590,0
DA:591,0
DA:592,0
DA:593,0
DA:594,0
DA:595,0
DA:596,0
DA:597,0
DA:598,0
DA:599,0
DA:600,0
DA:601,0
DA:602,0
DA:603,0
DA:604,0
DA:605,0
DA:606,0
DA:607,0
DA:608,0
DA:609,0
DA:610,0
DA:611,0
DA:612,0
DA:613,0
DA:614,0
DA:615,0
DA:616,0
DA:617,0
DA:618,0
DA:619,0
DA:620,0
DA:621,1
LF:645
LH:2
end_of_record
TN:
SF:lib/email-templates/booking-template.tsx
FNF:2
FNH:0
DA:4,0
DA:5,0
DA:6,0
DA:7,0
DA:8,0
DA:9,0
DA:10,0
DA:11,0
DA:12,0
DA:13,0
DA:14,0
DA:15,0
DA:16,2
DA:26,0
DA:27,0
DA:28,0
DA:29,0
DA:30,0
DA:31,0
DA:32,0
DA:33,0
DA:34,0
DA:35,0
DA:36,0
DA:37,0
DA:38,0
DA:39,0
DA:40,0
DA:41,0
DA:42,0
DA:43,0
DA:44,0
DA:45,1
LF:51
LH:2
end_of_record
TN:
SF:lib/email-templates/contact-template.tsx
FNF:2
FNH:0
DA:4,0
DA:5,0
DA:6,0
DA:7,0
DA:8,0
DA:9,0
DA:10,0
DA:11,0
DA:12,0
DA:13,2
DA:19,0
DA:20,0
DA:21,0
DA:22,0
DA:23,0
DA:24,0
DA:25,0
DA:26,0
DA:27,0
DA:28,0
DA:29,1
LF:37
LH:2
end_of_record
TN:
SF:lib/email-templates/payment-receipt.tsx
FNF:6
FNH:6
DA:23,55
DA:24,11
DA:25,17
DA:26,14
DA:27,18
DA:28,12
DA:29,18
DA:30,13
DA:31,18
DA:32,16
DA:33,19
DA:34,15
DA:35,19
DA:36,7
DA:38,36
DA:39,60
DA:40,22
DA:41,20
DA:42,21
DA:43,22
DA:44,21
DA:45,5
DA:48,53
DA:49,45
DA:50,24
DA:51,26
DA:52,20
DA:55,6665
DA:347,475
DA:357,232
DA:363,188
DA:368,191
DA:373,209
DA:378,251
DA:385,378
DA:394,342
DA:404,16
DA:408,0
DA:409,0
DA:410,0
DA:411,2
DA:414,492
DA:426,462
DA:437,284
DA:442,87
DA:443,128
DA:452,56
DA:453,11
DA:454,17
DA:455,14
DA:456,18
DA:457,12
DA:458,18
DA:459,13
DA:460,18
DA:461,16
DA:462,19
DA:463,15
DA:464,19
DA:465,7
DA:467,36
DA:468,60
DA:469,22
DA:470,20
DA:471,21
DA:472,22
DA:473,21
DA:474,5
DA:477,53
DA:478,45
DA:479,24
DA:480,26
DA:481,20
DA:484,45
DA:486,21
DA:488,236
DA:494,21
DA:495,24
DA:496,42
DA:497,29
DA:498,106
DA:502,33
DA:505,16
DA:508,0
DA:509,0
DA:510,0
DA:511,2
DA:512,299
DA:521,201
DA:525,130
DA:527,7
LF:543
LH:85
end_of_record
TN:
SF:lib/errors/api-error.ts
FNF:14
FNH:14
DA:1,78
DA:3,104
DA:4,92
DA:5,80
DA:6,80
DA:7,76
DA:8,92
DA:9,108
DA:12,100
DA:13,100
DA:14,132
DA:15,90
DA:29,76
DA:30,14
DA:31,18
DA:32,20
DA:33,23
DA:35,13
DA:36,12
DA:37,18
DA:38,16
DA:39,18
DA:40,10
DA:41,38
DA:42,54
DA:43,42
DA:44,50
DA:45,54
DA:46,92
DA:49,71
DA:50,88
DA:51,9
DA:54,22
DA:55,28
DA:56,44
DA:57,56
DA:58,56
DA:59,58
DA:60,8
DA:62,2
DA:65,48
DA:66,67
DA:67,157
DA:69,87
DA:70,127
DA:72,75
DA:73,115
DA:75,47
DA:76,147
DA:78,63
DA:79,129
DA:81,57
DA:82,26
DA:83,70
DA:84,90
DA:85,10
DA:86,28
DA:87,7
DA:89,75
DA:90,159
DA:92,121
DA:93,135
DA:95,115
DA:96,135
DA:98,87
DA:99,26
DA:100,110
DA:101,98
DA:102,6
DA:103,7
DA:105,103
DA:106,119
DA:107,3
LF:107
LH:73
end_of_record
TN:
SF:lib/errors/error-handler.ts
FNF:10
FNH:8
DA:1,56
DA:2,51
DA:3,31
DA:4,32
DA:6,6
DA:7,45
DA:11,9
DA:12,27
DA:13,58
DA:14,55
DA:15,29
DA:16,29
DA:17,6
DA:18,20
DA:19,4
DA:20,12
DA:21,3
DA:24,6
DA:25,7
DA:26,5
DA:27,3
DA:28,70
DA:31,37
DA:32,65
DA:33,57
DA:34,12
DA:35,24
DA:36,18
DA:37,37
DA:38,5
DA:41,35
DA:42,29
DA:43,16
DA:44,25
DA:45,31
DA:46,71
DA:47,35
DA:48,13
DA:49,8
DA:50,24
DA:51,6
DA:53,47
DA:54,27
DA:55,18
DA:56,27
DA:57,5
DA:58,2
DA:59,2
DA:62,35
DA:63,29
DA:64,16
DA:65,42
DA:66,37
DA:67,33
DA:68,44
DA:69,13
DA:70,8
DA:71,15
DA:72,6
DA:74,47
DA:75,18
DA:76,18
DA:77,27
DA:78,5
DA:79,2
DA:80,2
DA:83,67
DA:84,29
DA:85,16
DA:86,40
DA:87,45
DA:88,68
DA:89,44
DA:90,13
DA:91,8
DA:92,15
DA:93,6
DA:95,47
DA:96,18
DA:97,18
DA:98,27
DA:99,5
DA:100,2
DA:101,2
DA:104,27
DA:105,14
DA:106,38
DA:107,46
DA:108,75
DA:109,48
DA:110,15
DA:111,42
DA:112,11
DA:113,6
DA:114,13
DA:115,4
DA:117,45
DA:118,16
DA:119,16
DA:120,25
DA:121,3
DA:122,3
DA:126,6
DA:127,9
DA:128,3
DA:129,23
DA:130,11
DA:131,30
DA:132,21
DA:134,30
DA:135,30
DA:136,77
DA:137,8
DA:139,32
DA:145,0
DA:146,0
DA:147,0
DA:148,0
DA:149,0
DA:150,0
DA:151,0
DA:152,0
DA:153,0
DA:154,0
DA:155,1
DA:160,0
DA:161,0
DA:162,0
DA:163,0
DA:164,0
DA:165,0
DA:166,0
DA:167,0
DA:168,0
DA:169,0
DA:170,0
DA:171,0
DA:172,0
DA:173,0
DA:174,0
DA:175,0
DA:176,0
DA:177,0
DA:178,0
DA:179,0
DA:180,0
DA:181,0
DA:182,0
LF:184
LH:115
end_of_record
TN:
SF:lib/errors/error-middleware.ts
FNF:4
FNH:3
DA:2,46
DA:5,6
DA:6,9
DA:7,3
DA:8,28
DA:9,11
DA:10,35
DA:11,21
DA:12,32
DA:18,0
DA:19,0
DA:20,0
DA:21,0
DA:22,0
DA:23,0
DA:24,0
DA:25,0
DA:26,0
DA:27,0
DA:28,0
DA:29,0
DA:30,0
DA:31,0
DA:32,0
DA:33,0
DA:34,0
DA:35,0
LF:39
LH:9
end_of_record
TN:
SF:lib/errors/index.ts
FNF:1
FNH:1
DA:2,59
DA:6,90
DA:14,76
LF:17
LH:3
end_of_record
TN:
SF:lib/paypal-client.ts
FNF:3
FNH:0
DA:1,64
DA:2,58
DA:4,62
DA:5,2
DA:6,27
DA:8,0
DA:9,0
DA:10,0
DA:11,0
DA:12,0
DA:13,0
DA:14,0
DA:15,0
DA:16,0
DA:17,0
DA:18,0
DA:19,0
DA:20,0
DA:21,0
DA:22,0
DA:23,0
DA:24,0
DA:25,0
DA:26,0
DA:27,0
DA:28,0
DA:29,0
DA:30,0
DA:31,0
DA:32,0
DA:33,0
DA:34,0
DA:35,0
DA:36,0
DA:37,0
DA:38,0
DA:39,0
DA:40,0
DA:41,0
DA:42,0
DA:43,0
DA:44,0
DA:45,0
DA:46,0
DA:47,0
DA:48,0
DA:49,0
DA:50,0
DA:51,0
DA:52,0
DA:53,0
DA:54,0
DA:55,0
DA:56,0
DA:57,0
DA:58,0
DA:59,0
DA:60,0
DA:61,0
DA:62,0
DA:66,0
DA:67,0
DA:68,0
DA:69,0
DA:70,0
DA:71,0
DA:72,0
DA:73,0
DA:74,0
DA:75,0
DA:76,0
DA:77,0
DA:78,1
DA:81,32
DA:83,0
DA:84,0
DA:85,0
DA:86,0
DA:87,0
DA:88,0
DA:89,0
DA:90,0
DA:91,0
DA:92,0
DA:93,0
LF:95
LH:7
end_of_record
TN:
SF:lib/rate-limit/index.ts
FNF:1
FNH:1
DA:2,78
DA:10,260
LF:23
LH:2
end_of_record
TN:
SF:lib/rate-limit/rate-limit-middleware.ts
FNF:21
FNH:7
DA:2,63
DA:3,44
DA:14,9
DA:16,58
DA:17,17
DA:18,0
DA:19,2
DA:21,46
DA:22,11
DA:23,0
DA:24,2
DA:27,17
DA:30,6
DA:31,9
DA:32,9
DA:33,3
DA:34,19
DA:35,87
DA:38,31
DA:39,0
DA:40,0
DA:41,4
DA:43,15
DA:46,49
DA:47,0
DA:50,0
DA:51,0
DA:52,0
DA:53,0
DA:55,0
DA:56,0
DA:57,0
DA:59,0
DA:60,0
DA:61,0
DA:62,0
DA:63,0
DA:64,0
DA:65,0
DA:67,13
DA:69,56
DA:70,66
DA:74,32
DA:75,62
DA:76,70
DA:77,67
DA:79,20
DA:80,0
DA:83,0
DA:84,0
DA:85,0
DA:86,0
DA:87,0
DA:88,0
DA:89,0
DA:90,0
DA:93,0
DA:94,0
DA:95,0
DA:97,0
DA:98,4
DA:101,40
DA:104,38
DA:105,37
DA:106,6
DA:108,17
DA:113,45
DA:114,35
DA:115,36
DA:116,46
DA:117,4
DA:120,0
DA:121,0
DA:122,0
DA:123,0
DA:124,0
DA:125,2
DA:129,0
DA:130,0
DA:131,0
DA:132,0
DA:133,0
DA:134,2
DA:139,0
DA:140,0
DA:141,0
DA:142,0
DA:143,0
DA:144,0
DA:145,0
DA:146,0
DA:147,0
DA:148,0
DA:149,0
DA:150,0
DA:151,0
DA:152,0
DA:153,0
DA:154,0
DA:155,0
DA:156,0
DA:157,0
DA:158,0
DA:159,0
DA:160,0
DA:161,0
DA:162,0
DA:163,0
DA:164,0
DA:165,0
DA:166,0
DA:167,0
DA:168,0
DA:169,0
DA:170,1
DA:175,0
DA:176,0
DA:177,0
DA:178,0
DA:179,0
DA:180,0
DA:181,0
DA:182,0
DA:183,0
DA:184,0
DA:185,0
DA:186,0
DA:187,2
DA:190,0
DA:191,0
DA:192,0
DA:193,0
DA:194,0
DA:195,0
DA:196,0
DA:197,0
DA:198,0
DA:199,0
DA:200,2
DA:203,0
DA:204,0
DA:205,0
DA:206,0
DA:207,0
DA:208,0
DA:209,0
DA:210,2
DA:213,0
DA:214,0
DA:215,0
DA:216,0
DA:217,0
DA:218,0
DA:219,0
DA:220,0
DA:221,0
DA:222,0
DA:223,2
DA:227,0
DA:228,0
DA:229,0
DA:230,0
DA:231,0
DA:232,0
DA:233,0
DA:234,0
DA:235,0
DA:236,0
DA:237,0
DA:238,0
DA:239,0
DA:240,0
DA:241,0
DA:242,2
DA:258,43
DA:259,17
DA:260,21
DA:262,0
DA:263,0
DA:264,0
DA:265,0
DA:266,0
DA:267,0
DA:268,0
DA:269,0
DA:270,0
DA:271,0
DA:272,0
DA:273,0
DA:274,0
DA:275,2
DA:281,0
DA:282,0
DA:283,2
DA:286,0
DA:287,2
DA:290,0
DA:291,1
DA:293,1
LF:293
LH:55
end_of_record
TN:
SF:lib/rate-limit/rate-limiter.ts
FNF:17
FNH:11
DA:1,110
DA:22,68
DA:23,26
DA:24,40
DA:25,24
DA:26,84
DA:27,8
DA:28,40
DA:29,40
DA:30,26
DA:31,96
DA:32,8
DA:33,28
DA:34,44
DA:35,24
DA:36,102
DA:37,8
DA:39,46
DA:40,40
DA:41,24
DA:42,81
DA:43,52
DA:44,0
DA:45,136
DA:47,8
DA:49,32
DA:50,40
DA:51,22
DA:52,72
DA:53,0
DA:54,121
DA:56,8
DA:58,28
DA:59,40
DA:60,26
DA:61,75
DA:62,8
DA:64,24
DA:65,40
DA:66,26
DA:67,65
DA:68,4
DA:69,4
DA:72,1
DA:74,27
DA:75,73
DA:78,13
DA:79,24
DA:80,15
DA:81,10
DA:83,47
DA:84,148
DA:85,32
DA:86,44
DA:87,52
DA:88,60
DA:89,112
DA:90,44
DA:91,7
DA:92,9
DA:94,54
DA:95,92
DA:96,96
DA:98,22
DA:100,82
DA:103,130
DA:106,100
DA:107,112
DA:110,44
DA:113,116
DA:115,80
DA:116,62
DA:118,112
DA:119,108
DA:120,84
DA:123,80
DA:124,66
DA:125,13
DA:128,56
DA:129,45
DA:131,136
DA:132,48
DA:133,22
DA:135,117
DA:136,118
DA:137,128
DA:138,118
DA:139,35
DA:140,123
DA:142,13
DA:144,32
DA:145,32
DA:146,52
DA:147,36
DA:148,32
DA:149,32
DA:150,10
DA:151,42
DA:152,142
DA:154,32
DA:155,44
DA:156,52
DA:157,60
DA:158,98
DA:159,44
DA:160,20
DA:164,57
DA:165,47
DA:166,29
DA:167,9
DA:169,96
DA:171,22
DA:172,64
DA:173,30
DA:174,42
DA:175,144
DA:176,42
DA:180,23
DA:181,24
DA:182,15
DA:183,10
DA:184,47
DA:185,39
DA:186,9
DA:188,54
DA:189,92
DA:190,96
DA:192,22
DA:194,154
DA:195,96
DA:197,84
DA:198,42
DA:199,156
DA:200,47
DA:204,27
DA:205,58
DA:207,2
DA:210,85
LF:210
LH:136
end_of_record
TN:
SF:lib/redis/cache-middleware.ts
FNF:5
FNH:0
DA:1,44
DA:2,47
DA:3,40
DA:11,0
DA:12,0
DA:13,0
DA:14,0
DA:15,0
DA:16,0
DA:17,0
DA:18,0
DA:19,0
DA:20,0
DA:21,1
DA:24,0
DA:25,0
DA:26,0
DA:27,0
DA:28,0
DA:29,0
DA:30,0
DA:31,0
DA:32,0
DA:33,0
DA:34,0
DA:35,0
DA:36,0
DA:37,0
DA:38,0
DA:39,0
DA:40,0
DA:41,0
DA:42,0
DA:43,0
DA:44,0
DA:45,0
DA:46,0
DA:47,0
DA:48,0
DA:49,0
DA:50,0
DA:51,0
DA:52,0
DA:53,0
DA:54,0
DA:55,0
DA:56,0
DA:57,0
DA:58,0
DA:59,0
DA:60,0
DA:61,0
DA:62,0
DA:63,0
DA:64,0
DA:65,0
DA:66,0
DA:67,0
DA:68,0
DA:69,0
DA:70,0
DA:71,0
DA:72,0
DA:73,0
DA:74,0
DA:75,0
DA:76,0
DA:77,0
DA:78,0
DA:79,0
DA:80,0
DA:81,0
DA:82,0
DA:83,0
DA:84,0
DA:85,0
DA:86,0
DA:87,0
DA:88,0
DA:89,0
DA:90,0
DA:91,0
DA:92,0
DA:93,0
DA:94,0
DA:95,1
DA:100,0
DA:101,0
DA:102,0
DA:103,0
DA:104,0
DA:105,0
DA:106,0
DA:107,1
DA:112,0
DA:113,0
DA:114,0
DA:115,0
DA:116,0
DA:117,0
DA:118,0
DA:119,0
DA:120,1
DA:124,0
DA:125,0
DA:126,0
DA:127,0
DA:128,0
DA:129,0
DA:130,0
DA:131,0
DA:132,0
DA:133,0
DA:134,0
DA:135,0
DA:136,0
DA:137,0
DA:138,0
DA:139,0
DA:140,0
DA:141,0
DA:142,0
DA:143,0
LF:146
LH:7
end_of_record
TN:
SF:lib/redis/cache-service.ts
FNF:23
FNH:23
DA:1,96
DA:16,60
DA:17,44
DA:18,26
DA:19,62
DA:20,124
DA:21,8
DA:22,38
DA:23,28
DA:24,48
DA:25,134
DA:26,8
DA:27,34
DA:28,28
DA:29,44
DA:30,74
DA:31,4
DA:32,4
DA:35,1
DA:37,27
DA:38,73
DA:41,25
DA:42,22
DA:43,51
DA:44,170
DA:45,29
DA:46,13
DA:48,90
DA:49,70
DA:52,30
DA:53,42
DA:54,118
DA:55,40
DA:59,49
DA:60,22
DA:61,51
DA:62,158
DA:63,31
DA:64,13
DA:66,57
DA:67,92
DA:68,31
DA:69,91
DA:72,30
DA:73,42
DA:74,118
DA:75,42
DA:79,28
DA:80,22
DA:81,51
DA:82,164
DA:83,31
DA:84,13
DA:86,94
DA:87,42
DA:88,42
DA:89,120
DA:90,42
DA:94,40
DA:95,22
DA:96,51
DA:97,176
DA:98,23
DA:99,13
DA:102,44
DA:103,42
DA:105,24
DA:106,112
DA:107,50
DA:108,36
DA:109,22
DA:110,70
DA:111,60
DA:112,58
DA:114,59
DA:115,118
DA:116,186
DA:117,45
DA:118,13
DA:120,24
DA:121,42
DA:122,128
DA:123,34
DA:127,40
DA:128,50
DA:130,61
DA:131,116
DA:132,56
DA:133,9
DA:135,51
DA:138,28
DA:139,22
DA:140,51
DA:141,31
DA:142,13
DA:144,100
DA:145,46
DA:146,42
DA:147,128
DA:148,42
DA:152,25
DA:153,22
DA:154,51
DA:155,25
DA:156,13
DA:158,72
DA:159,42
DA:160,114
DA:161,36
DA:165,21
DA:166,22
DA:167,51
DA:168,150
DA:169,31
DA:170,13
DA:172,66
DA:173,112
DA:174,30
DA:175,42
DA:176,120
DA:177,37
DA:181,64
DA:182,79
DA:185,27
DA:186,58
DA:188,2
DA:191,90
DA:194,41
DA:195,10
DA:196,18
DA:197,21
DA:198,6
DA:199,90
DA:200,51
DA:201,29
DA:202,5
DA:204,64
DA:205,84
DA:206,28
DA:209,69
DA:210,44
DA:213,139
DA:214,109
DA:215,84
DA:216,5
DA:217,5
DA:220,73
DA:221,82
DA:222,4
LF:223
LH:149
end_of_record
TN:
SF:lib/redis/cache-warmer-bun.ts
FNF:10
FNH:0
DA:6,94
DA:15,45
DA:16,26
DA:17,39
DA:22,0
DA:23,0
DA:24,0
DA:25,0
DA:26,0
DA:27,0
DA:28,0
DA:29,0
DA:30,0
DA:31,0
DA:32,0
DA:33,0
DA:34,0
DA:35,0
DA:36,0
DA:37,0
DA:38,0
DA:39,0
DA:40,0
DA:41,0
DA:42,0
DA:43,0
DA:44,0
DA:45,0
DA:46,0
DA:47,0
DA:48,0
DA:49,0
DA:50,0
DA:51,0
DA:52,0
DA:53,0
DA:54,0
DA:55,0
DA:56,0
DA:57,0
DA:58,0
DA:59,0
DA:60,0
DA:61,0
DA:62,0
DA:63,0
DA:64,0
DA:65,0
DA:66,0
DA:67,0
DA:68,0
DA:69,0
DA:70,0
DA:71,0
DA:72,0
DA:73,0
DA:74,0
DA:75,0
DA:76,0
DA:77,0
DA:78,0
DA:79,0
DA:80,0
DA:81,0
DA:82,0
DA:83,0
DA:84,0
DA:85,0
DA:86,0
DA:87,0
DA:88,0
DA:89,0
DA:90,0
DA:91,0
DA:92,0
DA:93,0
DA:94,0
DA:95,23
DA:102,0
DA:103,35
DA:109,0
DA:110,0
DA:111,0
DA:112,0
DA:113,0
DA:114,0
DA:115,0
DA:116,0
DA:117,0
DA:118,0
DA:119,0
DA:120,0
DA:121,0
DA:122,0
DA:123,0
DA:124,0
DA:125,0
DA:126,0
DA:127,0
DA:128,0
DA:129,0
DA:130,0
DA:131,0
DA:132,0
DA:133,0
DA:134,0
DA:135,0
DA:136,0
DA:137,0
DA:138,0
DA:139,0
DA:140,0
DA:141,0
DA:142,0
DA:143,0
DA:144,0
DA:145,0
DA:146,0
DA:147,0
DA:148,0
DA:149,0
DA:150,49
DA:156,0
DA:157,0
DA:158,0
DA:159,0
DA:160,0
DA:161,0
DA:162,0
DA:163,0
DA:164,0
DA:165,0
DA:166,0
DA:167,0
DA:168,0
DA:169,0
DA:170,0
DA:171,18
DA:173,2
DA:176,110
DA:179,0
DA:180,0
DA:181,0
DA:182,0
DA:183,0
DA:184,0
DA:185,0
DA:186,0
DA:187,0
DA:188,0
DA:189,0
DA:190,0
DA:191,0
DA:192,0
DA:193,0
DA:194,0
DA:195,0
DA:196,22
DA:202,0
DA:203,0
DA:204,0
DA:205,0
DA:206,0
DA:207,0
DA:208,0
DA:209,0
DA:210,0
DA:211,0
DA:212,0
DA:213,0
DA:214,0
DA:215,0
DA:216,7
DA:218,3
LF:218
LH:13
end_of_record
TN:
SF:lib/redis/cache-warmer.ts
FNF:10
FNH:2
DA:1,122
DA:2,106
DA:25,1
DA:27,27
DA:29,122
DA:30,138
DA:32,95
DA:34,224
DA:35,64
DA:36,50
DA:37,14
DA:38,31
DA:39,71
DA:40,17
DA:41,34
DA:42,29
DA:43,7
DA:44,16
DA:47,88
DA:48,102
DA:51,33
DA:52,28
DA:53,52
DA:54,48
DA:55,36
DA:56,40
DA:57,34
DA:58,42
DA:59,0
DA:60,0
DA:61,0
DA:62,0
DA:63,0
DA:64,0
DA:65,0
DA:66,0
DA:67,0
DA:68,0
DA:69,0
DA:70,0
DA:71,0
DA:72,0
DA:73,0
DA:74,0
DA:75,0
DA:76,0
DA:77,0
DA:78,0
DA:79,0
DA:80,0
DA:81,0
DA:82,0
DA:83,0
DA:84,0
DA:85,0
DA:86,0
DA:87,0
DA:88,0
DA:89,0
DA:90,0
DA:91,0
DA:92,0
DA:93,0
DA:94,0
DA:95,0
DA:96,0
DA:97,0
DA:98,0
DA:99,0
DA:100,0
DA:101,0
DA:102,0
DA:103,0
DA:104,0
DA:105,0
DA:106,0
DA:107,0
DA:108,0
DA:109,0
DA:110,0
DA:111,0
DA:112,0
DA:113,0
DA:114,0
DA:115,0
DA:116,0
DA:117,0
DA:118,0
DA:119,0
DA:120,0
DA:121,0
DA:122,0
DA:123,0
DA:124,0
DA:125,0
DA:126,0
DA:127,0
DA:128,0
DA:129,0
DA:130,0
DA:131,0
DA:132,0
DA:133,0
DA:134,0
DA:135,0
DA:136,0
DA:137,0
DA:138,0
DA:139,0
DA:140,0
DA:141,0
DA:142,0
DA:143,0
DA:144,0
DA:145,0
DA:146,0
DA:147,0
DA:148,0
DA:149,0
DA:150,0
DA:151,0
DA:152,0
DA:153,0
DA:154,0
DA:155,0
DA:156,0
DA:157,0
DA:158,0
DA:159,0
DA:160,0
DA:161,0
DA:162,0
DA:163,0
DA:164,0
DA:165,0
DA:166,0
DA:167,0
DA:168,0
DA:169,0
DA:170,0
DA:171,0
DA:172,0
DA:173,0
DA:174,0
DA:175,0
DA:176,0
DA:177,0
DA:178,0
DA:179,0
DA:180,0
DA:181,0
DA:182,0
DA:183,0
DA:184,0
DA:185,0
DA:186,0
DA:187,0
DA:188,0
DA:189,0
DA:190,0
DA:191,0
DA:192,0
DA:193,0
DA:194,0
DA:195,0
DA:196,0
DA:197,0
DA:198,0
DA:199,0
DA:200,0
DA:201,0
DA:202,0
DA:203,0
DA:204,0
DA:205,0
DA:206,0
DA:207,0
DA:208,0
DA:209,0
DA:210,0
DA:211,0
DA:212,0
DA:213,0
DA:214,0
DA:215,0
DA:216,0
DA:217,0
DA:218,0
DA:219,0
DA:220,0
DA:221,0
DA:222,0
DA:223,0
DA:224,0
DA:225,0
DA:226,0
DA:227,0
DA:228,0
DA:229,0
DA:230,0
DA:231,0
DA:232,0
DA:233,0
DA:234,0
DA:235,0
DA:236,0
DA:237,0
DA:238,0
DA:239,0
DA:240,0
DA:241,0
DA:242,0
DA:243,0
DA:244,0
DA:245,0
DA:246,0
DA:247,0
DA:248,0
DA:249,0
DA:250,0
DA:251,0
DA:252,0
DA:253,0
DA:254,0
DA:255,0
DA:256,0
DA:257,0
DA:258,0
DA:259,0
DA:260,0
DA:261,0
DA:262,0
DA:263,0
DA:264,0
DA:265,0
DA:266,0
DA:267,0
DA:268,0
DA:269,0
DA:270,0
DA:271,0
DA:272,0
DA:273,0
DA:274,0
DA:275,0
DA:276,0
DA:277,0
DA:278,0
DA:279,0
DA:280,0
DA:281,0
DA:282,0
DA:283,0
DA:284,0
DA:285,0
DA:286,0
DA:287,0
DA:288,0
DA:289,0
DA:290,0
DA:291,0
DA:292,0
DA:293,0
DA:294,0
DA:295,0
DA:296,0
DA:297,0
DA:298,0
DA:299,0
DA:300,0
DA:301,0
DA:302,0
DA:303,0
DA:304,0
DA:305,0
DA:306,0
DA:307,0
DA:308,0
DA:309,0
DA:310,0
DA:311,0
DA:312,0
DA:313,0
DA:314,0
DA:315,0
DA:316,0
DA:317,0
DA:318,0
DA:319,0
DA:320,0
DA:321,0
DA:322,0
DA:323,0
DA:324,0
DA:325,0
DA:326,0
DA:327,0
DA:328,0
DA:329,0
DA:330,0
DA:331,0
DA:332,0
DA:333,0
DA:334,0
DA:335,0
DA:336,0
DA:337,0
DA:338,0
DA:339,0
DA:340,0
DA:341,0
DA:342,0
DA:343,0
DA:344,0
DA:345,0
DA:346,0
DA:347,0
DA:348,0
DA:349,0
DA:350,0
DA:351,0
DA:352,0
DA:353,0
DA:354,0
DA:355,0
DA:356,0
DA:357,0
DA:358,0
DA:359,0
DA:360,0
DA:361,0
DA:362,0
DA:363,0
DA:364,0
DA:365,0
DA:366,0
DA:367,0
DA:368,0
DA:369,0
DA:370,0
DA:371,0
DA:372,0
DA:373,0
DA:374,0
DA:375,0
DA:376,0
DA:377,0
DA:378,0
DA:379,0
DA:380,0
DA:381,0
DA:382,0
DA:383,0
DA:384,0
DA:385,0
DA:386,0
DA:387,0
DA:388,0
DA:389,0
DA:390,0
DA:391,0
DA:392,0
DA:393,0
DA:394,0
DA:395,0
DA:396,0
DA:397,0
DA:398,0
DA:399,0
DA:400,0
DA:401,0
DA:402,0
DA:403,0
DA:404,0
DA:405,0
DA:406,0
DA:407,0
DA:408,0
DA:409,0
DA:410,0
DA:411,0
DA:412,0
DA:413,0
DA:414,0
DA:415,0
DA:416,0
DA:417,0
DA:418,0
DA:419,0
DA:420,0
DA:421,0
DA:422,0
DA:423,0
DA:424,0
DA:425,0
DA:426,0
DA:427,0
DA:428,0
DA:429,0
DA:430,0
DA:431,0
DA:432,0
DA:433,0
DA:434,0
DA:435,0
DA:436,0
DA:437,0
DA:438,0
DA:439,0
DA:440,50
DA:447,0
DA:448,0
DA:449,0
DA:450,0
DA:451,0
DA:452,0
DA:453,0
DA:454,0
DA:455,0
DA:456,0
DA:457,0
DA:458,0
DA:459,0
DA:460,0
DA:461,0
DA:462,0
DA:463,0
DA:464,0
DA:465,0
DA:466,0
DA:467,0
DA:468,0
DA:469,0
DA:470,0
DA:471,0
DA:472,0
DA:473,0
DA:474,0
DA:475,0
DA:476,0
DA:477,0
DA:478,0
DA:479,0
DA:480,13
DA:483,2
DA:486,85
LF:486
LH:32
end_of_record
TN:
SF:lib/redis/index.ts
FNF:1
FNH:1
DA:2,61
DA:6,118
DA:16,104
DA:25,58
DA:29,78
LF:30
LH:5
end_of_record
TN:
SF:lib/redis/redis-client.ts
FNF:10
FNH:8
DA:1,78
DA:2,82
DA:5,84
DA:11,1
DA:13,33
DA:15,27
DA:16,53
DA:18,116
DA:19,124
DA:21,64
DA:22,80
DA:23,90
DA:24,83
DA:25,152
DA:26,29
DA:27,7
DA:29,13
DA:30,40
DA:31,32
DA:32,36
DA:33,68
DA:34,23
DA:35,70
DA:36,33
DA:37,34
DA:39,58
DA:40,101
DA:41,105
DA:42,9
DA:44,23
DA:46,5
DA:48,46
DA:51,27
DA:52,22
DA:53,80
DA:54,70
DA:56,26
DA:57,18
DA:58,21
DA:59,54
DA:60,31
DA:61,39
DA:65,25
DA:66,72
DA:69,26
DA:70,44
DA:71,13
DA:73,29
DA:74,33
DA:75,52
DA:76,23
DA:77,63
DA:79,24
DA:82,31
DA:83,50
DA:84,58
DA:85,63
DA:87,2
DA:90,46
DA:91,67
LF:95
LH:60
end_of_record
TN:
SF:lib/seo/metadata.ts
FNF:12
FNH:11
DA:10,28
DA:11,12
DA:12,21
DA:13,50
DA:14,44
DA:15,105
DA:16,26
DA:17,32
DA:18,4
DA:19,15
DA:20,25
DA:21,16
DA:22,47
DA:23,24
DA:24,18
DA:25,23
DA:26,17
DA:27,6
DA:28,28
DA:29,38
DA:30,14
DA:31,28
DA:32,29
DA:33,31
DA:34,30
DA:35,28
DA:36,30
DA:37,28
DA:38,3
DA:39,4
DA:40,16
DA:41,67
DA:42,17
DA:43,97
DA:44,85
DA:45,71
DA:46,3
DA:47,4
DA:48,13
DA:49,54
DA:50,46
DA:51,44
DA:52,42
DA:53,2
DA:54,2
DA:57,26
DA:58,14
DA:59,70
DA:60,91
DA:61,68
DA:62,4
DA:63,16
DA:64,88
DA:65,94
DA:66,89
DA:67,4
DA:68,16
DA:69,79
DA:70,62
DA:71,68
DA:72,69
DA:73,4
DA:74,12
DA:75,70
DA:76,73
DA:77,67
DA:78,4
DA:79,17
DA:80,79
DA:81,81
DA:82,89
DA:83,74
DA:84,2
DA:85,2
DA:88,34
DA:89,16
DA:90,20
DA:91,40
DA:92,20
DA:93,15
DA:94,9
DA:95,54
DA:96,20
DA:97,20
DA:98,74
DA:99,24
DA:100,5
DA:101,3
DA:102,4
DA:103,14
DA:104,32
DA:105,22
DA:106,22
DA:107,4
DA:108,13
DA:109,16
DA:110,17
DA:111,18
DA:112,18
DA:113,19
DA:114,30
DA:115,35
DA:116,21
DA:117,3
DA:118,4
DA:119,19
DA:120,49
DA:121,44
DA:122,37
DA:123,2
DA:124,2
DA:136,18
DA:137,11
DA:138,10
DA:139,16
DA:140,18
DA:141,10
DA:142,14
DA:143,21
DA:144,10
DA:146,53
DA:147,130
DA:148,70
DA:150,25
DA:151,24
DA:152,22
DA:153,13
DA:154,15
DA:156,12
DA:157,17
DA:158,21
DA:159,33
DA:160,26
DA:161,51
DA:162,39
DA:163,41
DA:164,24
DA:165,19
DA:166,21
DA:167,20
DA:168,6
DA:169,21
DA:170,33
DA:171,23
DA:172,35
DA:173,45
DA:174,24
DA:175,11
DA:176,21
DA:177,22
DA:178,22
DA:179,25
DA:180,26
DA:181,7
DA:182,39
DA:183,6
DA:184,19
DA:185,31
DA:186,23
DA:187,35
DA:188,69
DA:189,6
DA:190,30
DA:191,13
DA:192,16
DA:193,24
DA:194,19
DA:195,17
DA:196,30
DA:197,14
DA:198,58
DA:199,45
DA:200,3
DA:201,2
DA:205,20
DA:206,39
DA:207,46
DA:210,69
DA:211,43
DA:212,89
DA:215,65
DA:216,63
DA:217,203
DA:220,47
DA:223,42
DA:225,31
DA:226,10
DA:227,16
DA:228,26
DA:229,24
DA:230,11
DA:231,2
DA:235,9
DA:236,22
DA:239,18
DA:240,41
DA:241,14
DA:242,19
DA:243,22
DA:244,28
DA:245,28
DA:246,15
DA:247,4
DA:248,2
DA:251,61
DA:252,37
DA:255,48
DA:256,66
DA:257,2
DA:259,44
DA:260,55
DA:261,2
DA:264,47
DA:266,15
DA:270,14
DA:271,37
DA:273,52
DA:274,0
DA:275,2
DA:276,54
DA:277,0
DA:278,2
DA:279,58
DA:280,0
DA:281,2
DA:282,51
DA:283,0
DA:284,2
DA:286,49
DA:290,0
DA:291,0
DA:292,0
DA:293,0
DA:294,0
DA:295,0
DA:296,0
DA:297,0
DA:298,0
DA:299,0
DA:300,0
DA:301,0
DA:302,0
DA:303,0
DA:304,0
DA:305,0
DA:306,1
DA:310,11
DA:311,58
DA:312,240
DA:314,31
DA:315,7
DA:316,16
DA:317,17
DA:318,26
DA:319,40
DA:320,74
DA:321,6
DA:322,44
DA:323,3
DA:327,11
DA:328,80
DA:329,219
DA:331,31
DA:332,7
DA:333,16
DA:334,17
DA:335,85
DA:336,62
DA:337,37
DA:338,6
DA:339,46
DA:340,3
DA:344,19
DA:345,52
DA:346,215
DA:348,30
DA:349,50
DA:350,50
DA:351,48
DA:352,50
DA:353,45
DA:354,4
DA:356,31
DA:357,10
DA:358,16
DA:359,69
DA:360,92
DA:361,3
DA:365,6
DA:366,16
DA:367,10
DA:368,12
DA:369,3
DA:370,36
DA:372,18
DA:373,31
DA:374,2
DA:376,20
DA:377,35
DA:378,2
DA:380,23
DA:384,6
DA:385,13
DA:386,10
DA:387,23
DA:388,53
DA:389,3
DA:390,81
DA:391,61
DA:400,15
DA:401,22
DA:403,26
DA:404,48
DA:406,67
DA:407,72
DA:408,4
DA:409,57
DA:410,0
DA:411,4
DA:412,42
DA:413,49
DA:414,4
DA:415,41
DA:416,49
DA:417,4
DA:418,33
DA:419,0
DA:420,2
DA:421,4
DA:423,29
LF:424
LH:308
end_of_record
TN:
SF:lib/seo/structured-data.ts
FNF:51
FNH:40
DA:6,52
DA:9,79
DA:18,44
DA:19,79
DA:21,96
DA:22,58
DA:23,58
DA:24,88
DA:25,10
DA:26,12
DA:28,54
DA:33,70
DA:34,18
DA:35,151
DA:36,11
DA:37,21
DA:41,68
DA:42,18
DA:43,153
DA:44,77
DA:45,11
DA:46,21
DA:50,69
DA:51,18
DA:52,95
DA:53,11
DA:54,21
DA:58,107
DA:59,18
DA:60,73
DA:61,71
DA:63,139
DA:64,27
DA:65,13
DA:67,120
DA:68,5
DA:69,40
DA:70,11
DA:71,42
DA:267,58
DA:268,18
DA:269,87
DA:270,19
DA:271,22
DA:272,95
DA:273,44
DA:274,23
DA:275,7
DA:276,17
DA:281,52
DA:282,160
DA:284,24
DA:285,74
DA:286,56
DA:287,130
DA:288,180
DA:289,34
DA:290,88
DA:291,216
DA:292,148
DA:293,146
DA:294,62
DA:295,62
DA:296,42
DA:297,18
DA:298,64
DA:299,154
DA:300,156
DA:301,80
DA:302,78
DA:303,96
DA:304,54
DA:305,26
DA:306,98
DA:307,160
DA:308,54
DA:309,50
DA:310,24
DA:311,26
DA:312,98
DA:313,72
DA:314,54
DA:315,50
DA:316,18
DA:317,14
DA:318,10
DA:319,12
DA:320,32
DA:321,62
DA:322,210
DA:323,168
DA:324,152
DA:325,156
DA:326,152
DA:327,12
DA:328,30
DA:329,176
DA:330,160
DA:331,156
DA:332,152
DA:333,38
DA:334,6
DA:338,83
DA:341,6
DA:342,18
DA:343,119
DA:344,19
DA:345,22
DA:346,97
DA:347,45
DA:348,23
DA:349,7
DA:350,17
DA:355,77
DA:358,6
DA:359,160
DA:361,24
DA:362,74
DA:363,58
DA:364,162
DA:365,28
DA:366,98
DA:367,98
DA:368,104
DA:369,12
DA:370,38
DA:371,34
DA:372,146
DA:373,148
DA:374,32
DA:375,62
DA:376,210
DA:377,168
DA:378,152
DA:379,156
DA:380,152
DA:381,12
DA:382,24
DA:383,64
DA:384,48
DA:385,46
DA:386,12
DA:387,68
DA:388,18
DA:389,90
DA:390,152
DA:391,46
DA:392,42
DA:393,16
DA:394,18
DA:395,90
DA:396,64
DA:397,46
DA:398,42
DA:399,10
DA:400,12
DA:401,46
DA:402,98
DA:403,60
DA:404,38
DA:405,100
DA:406,90
DA:407,90
DA:408,92
DA:409,90
DA:410,86
DA:411,86
DA:412,12
DA:413,40
DA:414,52
DA:415,52
DA:416,48
DA:417,52
DA:418,50
DA:419,48
DA:420,18
DA:421,240
DA:422,52
DA:423,70
DA:424,174
DA:425,44
DA:426,46
DA:427,148
DA:428,142
DA:429,10
DA:430,6
DA:431,5
DA:435,71
DA:436,138
DA:437,24
DA:438,74
DA:439,46
DA:440,88
DA:441,86
DA:442,262
DA:443,80
DA:444,28
DA:445,46
DA:446,36
DA:447,12
DA:448,54
DA:449,30
DA:450,46
DA:451,54
DA:452,98
DA:453,124
DA:454,34
DA:455,64
DA:456,82
DA:457,10
DA:458,12
DA:459,48
DA:460,6
DA:464,77
DA:465,18
DA:466,51
DA:467,97
DA:468,9
DA:469,108
DA:470,38
DA:471,44
DA:472,149
DA:473,160
DA:474,46
DA:475,14
DA:477,136
DA:482,71
DA:483,160
DA:484,110
DA:485,162
DA:486,249
DA:489,68
DA:491,18
DA:492,96
DA:495,68
DA:496,48
DA:497,60
DA:498,84
DA:499,88
DA:500,64
DA:501,80
DA:502,68
DA:503,60
DA:504,102
DA:505,80
DA:506,62
DA:507,60
DA:508,74
DA:509,42
DA:510,94
DA:511,58
DA:512,12
DA:514,61
DA:515,84
DA:516,88
DA:518,55
DA:520,124
DA:521,74
DA:522,70
DA:523,58
DA:524,26
DA:525,18
DA:526,10
DA:527,12
DA:530,116
DA:531,51
DA:532,70
DA:533,66
DA:534,62
DA:535,157
DA:536,18
DA:539,149
DA:540,74
DA:541,70
DA:542,62
DA:543,137
DA:544,18
DA:545,9
DA:546,7
DA:547,19
DA:549,75
DA:553,92
DA:554,124
DA:555,128
DA:556,114
DA:557,98
DA:559,106
DA:560,62
DA:561,34
DA:562,266
DA:563,8
DA:565,24
DA:566,74
DA:567,46
DA:568,36
DA:569,36
DA:570,32
DA:571,86
DA:572,28
DA:573,46
DA:574,36
DA:575,12
DA:576,112
DA:577,82
DA:578,64
DA:579,46
DA:580,64
DA:581,40
DA:582,10
DA:583,12
DA:584,30
DA:585,52
DA:586,180
DA:587,54
DA:588,162
DA:589,36
DA:590,34
DA:591,64
DA:592,164
DA:593,22
DA:594,156
DA:595,62
DA:596,80
DA:597,126
DA:598,62
DA:599,52
DA:600,54
DA:601,14
DA:602,10
DA:603,12
DA:604,96
DA:606,0
DA:607,0
DA:608,0
DA:609,0
DA:610,0
DA:611,0
DA:612,0
DA:613,0
DA:614,0
DA:615,0
DA:616,0
DA:617,0
DA:618,0
DA:619,0
DA:620,0
DA:621,0
DA:622,0
DA:623,0
DA:624,0
DA:625,0
DA:626,0
DA:627,0
DA:628,0
DA:629,0
DA:630,0
DA:631,0
DA:632,0
DA:633,0
DA:634,0
DA:635,0
DA:636,19
DA:637,6
DA:638,6
DA:642,71
DA:643,18
DA:644,51
DA:645,97
DA:646,9
DA:647,96
DA:648,38
DA:649,44
DA:650,149
DA:651,148
DA:652,46
DA:653,14
DA:655,136
DA:660,65
DA:661,160
DA:662,110
DA:663,90
DA:664,209
DA:667,68
DA:669,18
DA:670,84
DA:671,37
DA:672,70
DA:673,66
DA:674,46
DA:675,38
DA:676,14
DA:677,9
DA:679,100
DA:680,53
DA:681,70
DA:682,66
DA:683,54
DA:684,68
DA:685,14
DA:686,9
DA:688,114
DA:689,57
DA:690,70
DA:691,66
DA:692,50
DA:693,76
DA:694,14
DA:695,9
DA:697,92
DA:698,49
DA:699,70
DA:700,66
DA:701,52
DA:702,60
DA:703,14
DA:704,9
DA:706,108
DA:707,49
DA:708,70
DA:709,66
DA:710,58
DA:711,50
DA:712,14
DA:713,9
DA:715,100
DA:716,45
DA:717,70
DA:718,66
DA:719,54
DA:720,46
DA:721,14
DA:722,7
DA:723,12
DA:727,106
DA:728,100
DA:729,84
DA:730,62
DA:731,34
DA:732,266
DA:733,8
DA:735,24
DA:736,74
DA:737,46
DA:738,36
DA:739,36
DA:740,32
DA:741,86
DA:742,28
DA:743,46
DA:744,36
DA:745,12
DA:746,112
DA:747,82
DA:748,64
DA:749,46
DA:750,64
DA:751,40
DA:752,10
DA:753,12
DA:754,30
DA:755,52
DA:756,150
DA:757,54
DA:758,166
DA:759,36
DA:760,34
DA:761,64
DA:762,164
DA:763,22
DA:764,126
DA:765,62
DA:766,80
DA:767,112
DA:768,62
DA:769,52
DA:770,54
DA:771,14
DA:772,10
DA:773,12
DA:774,84
DA:775,6
DA:779,78
DA:780,18
DA:781,105
DA:782,117
DA:783,9
DA:784,106
DA:785,38
DA:786,44
DA:787,145
DA:788,154
DA:789,46
DA:790,14
DA:792,28
DA:793,78
DA:794,64
DA:795,52
DA:796,22
DA:797,60
DA:798,44
DA:799,46
DA:800,150
DA:801,14
DA:802,10
DA:803,8
DA:808,72
DA:809,109
DA:810,97
DA:811,8
DA:813,74
DA:814,48
DA:815,5
DA:817,24
DA:818,74
DA:819,60
DA:820,127
DA:821,52
DA:822,52
DA:823,70
DA:824,62
DA:825,9
DA:826,6
DA:836,57
DA:837,18
DA:838,77
DA:839,27
DA:840,9
DA:841,77
DA:842,19
DA:843,22
DA:844,86
DA:845,63
DA:846,23
DA:847,7
DA:848,17
DA:853,51
DA:854,77
DA:855,103
DA:856,8
DA:858,60
DA:859,46
DA:860,5
DA:862,24
DA:863,74
DA:864,46
DA:865,85
DA:866,52
DA:867,74
DA:868,50
DA:869,52
DA:870,68
DA:871,10
DA:872,9
DA:873,6
DA:877,66
DA:878,18
DA:880,95
DA:881,38
DA:882,60
DA:883,44
DA:884,29
DA:885,12
DA:887,75
DA:888,27
DA:889,9
DA:891,83
DA:892,19
DA:893,22
DA:894,90
DA:895,59
DA:896,23
DA:897,7
DA:898,17
DA:903,52
DA:904,18
DA:905,65
DA:906,89
DA:907,9
DA:909,83
DA:910,11
DA:911,18
DA:916,62
DA:917,18
DA:918,39
DA:919,23
DA:920,9
DA:922,87
DA:923,55
DA:924,71
DA:927,90
DA:928,14
DA:929,9
DA:932,22
DA:933,58
DA:934,13
DA:935,24
DA:936,62
DA:937,56
DA:938,25
DA:939,9
DA:940,23
DA:943,139
DA:944,19
DA:945,22
DA:946,95
DA:947,36
DA:948,23
DA:949,7
DA:950,16
DA:955,58
DA:956,14
DA:957,60
DA:958,38
DA:959,84
DA:960,74
DA:965,0
DA:966,0
DA:967,0
DA:968,0
DA:969,0
DA:970,0
DA:971,0
DA:972,0
DA:973,0
DA:974,0
DA:975,0
DA:976,0
DA:977,0
DA:978,0
DA:979,0
DA:980,0
DA:981,0
DA:982,0
DA:983,0
DA:984,0
DA:985,0
DA:986,0
DA:987,0
DA:988,0
DA:989,0
DA:990,0
DA:991,0
DA:992,0
DA:993,0
DA:994,0
DA:995,0
DA:996,0
DA:997,0
DA:998,0
DA:999,0
DA:1000,0
DA:1001,0
DA:1002,18
DA:1007,0
DA:1008,0
DA:1009,0
DA:1010,0
DA:1011,0
DA:1012,0
DA:1013,0
DA:1014,0
DA:1015,0
DA:1016,0
DA:1017,0
DA:1018,0
DA:1019,0
DA:1020,0
DA:1021,0
DA:1022,0
DA:1023,0
DA:1024,0
DA:1025,0
DA:1026,0
DA:1027,0
DA:1028,0
DA:1029,0
DA:1030,0
DA:1031,0
DA:1032,0
DA:1033,0
DA:1034,0
DA:1035,0
DA:1036,0
DA:1037,0
DA:1038,0
DA:1039,0
DA:1040,0
DA:1041,0
DA:1042,0
DA:1043,0
DA:1044,0
DA:1045,0
DA:1046,0
DA:1047,22
DA:1052,43
DA:1053,42
DA:1054,36
DA:1055,47
DA:1057,0
DA:1058,0
DA:1059,0
DA:1060,0
DA:1061,0
DA:1062,0
DA:1063,0
DA:1064,0
DA:1065,0
DA:1066,0
DA:1067,0
DA:1068,0
DA:1069,47
DA:1072,0
DA:1073,0
DA:1074,0
DA:1075,0
DA:1076,0
DA:1077,0
DA:1078,0
DA:1079,0
DA:1080,0
DA:1081,0
DA:1082,0
DA:1083,14
DA:1087,0
DA:1088,35
DA:1090,2
DA:1092,108
DA:1095,0
DA:1096,0
DA:1097,0
DA:1098,0
DA:1099,0
DA:1100,0
DA:1101,0
DA:1102,0
DA:1103,0
DA:1104,0
DA:1105,0
DA:1106,0
DA:1107,0
DA:1108,0
DA:1109,0
DA:1110,0
DA:1111,0
DA:1112,0
DA:1113,0
DA:1114,0
DA:1115,0
DA:1116,0
DA:1117,0
DA:1118,0
DA:1119,0
DA:1120,0
DA:1121,0
DA:1122,0
DA:1123,28
DA:1129,0
DA:1130,0
DA:1131,0
DA:1132,0
DA:1133,0
DA:1134,0
DA:1135,0
DA:1136,0
DA:1137,0
DA:1138,0
DA:1139,0
DA:1140,0
DA:1141,0
DA:1142,0
DA:1143,0
DA:1144,0
DA:1145,0
DA:1146,0
DA:1147,0
DA:1148,0
DA:1149,0
DA:1150,0
DA:1151,0
DA:1152,0
DA:1153,0
DA:1154,0
DA:1155,0
DA:1156,0
DA:1157,0
DA:1158,0
DA:1159,0
DA:1160,0
DA:1161,0
DA:1162,0
DA:1163,0
DA:1164,18
DA:1169,0
DA:1170,0
DA:1171,0
DA:1172,0
DA:1173,0
DA:1174,0
DA:1175,0
DA:1176,0
DA:1177,0
DA:1178,0
DA:1179,0
DA:1180,0
DA:1181,0
DA:1182,0
DA:1183,0
DA:1184,0
DA:1185,0
DA:1186,0
DA:1187,0
DA:1188,0
DA:1189,0
DA:1190,0
DA:1191,0
DA:1192,0
DA:1193,0
DA:1194,0
DA:1195,0
DA:1196,0
DA:1197,0
DA:1198,0
DA:1199,0
DA:1200,0
DA:1201,0
DA:1202,0
DA:1203,0
DA:1204,0
DA:1205,0
DA:1206,0
DA:1207,0
DA:1208,0
DA:1209,0
DA:1210,0
DA:1211,0
DA:1212,0
DA:1213,0
DA:1214,0
DA:1215,0
DA:1216,0
DA:1217,0
DA:1218,0
DA:1219,0
DA:1220,0
DA:1221,0
DA:1222,0
DA:1223,0
DA:1224,0
DA:1225,0
DA:1226,0
DA:1227,0
DA:1228,0
DA:1229,0
DA:1230,0
DA:1231,0
DA:1232,0
DA:1233,0
DA:1234,22
DA:1238,58
DA:1239,10
DA:1240,150
DA:1241,360
DA:1242,8
DA:1243,10
DA:1244,128
DA:1245,388
DA:1246,8
DA:1247,10
DA:1248,126
DA:1249,384
DA:1250,8
DA:1251,10
DA:1252,126
DA:1253,388
DA:1254,8
DA:1255,10
DA:1256,100
DA:1257,336
DA:1258,8
DA:1259,10
DA:1260,122
DA:1261,308
DA:1262,8
DA:1263,10
DA:1264,104
DA:1265,316
DA:1266,8
DA:1267,10
DA:1268,140
DA:1269,330
DA:1270,4
DA:1271,4
DA:1274,51
DA:1275,26
DA:1276,26
DA:1277,32
DA:1278,34
DA:1279,6
DA:1280,18
DA:1281,94
DA:1282,92
DA:1283,94
DA:1284,98
DA:1286,91
DA:1287,27
DA:1288,9
DA:1290,177
DA:1291,19
DA:1292,22
DA:1293,89
DA:1294,79
DA:1295,23
DA:1296,7
DA:1297,17
DA:1302,45
DA:1303,26
DA:1304,26
DA:1305,32
DA:1306,34
DA:1307,6
DA:1308,24
DA:1309,62
DA:1310,186
DA:1311,30
DA:1312,32
DA:1313,108
DA:1314,102
DA:1315,6
DA:1319,58
DA:1325,6
DA:1326,18
DA:1327,39
DA:1328,87
DA:1329,9
DA:1330,88
DA:1331,38
DA:1332,44
DA:1333,141
DA:1334,130
DA:1335,46
DA:1336,14
DA:1337,28
DA:1342,52
DA:1348,6
DA:1349,144
DA:1350,112
DA:1351,78
DA:1353,48
DA:1354,56
DA:1355,5
DA:1357,24
DA:1358,44
DA:1359,42
DA:1360,48
DA:1361,52
DA:1362,40
DA:1363,36
DA:1364,12
DA:1365,30
DA:1366,48
DA:1367,32
DA:1368,12
DA:1369,54
DA:1370,140
DA:1371,148
DA:1372,6
DA:1376,75
DA:1377,18
DA:1378,99
DA:1379,19
DA:1380,22
DA:1381,90
DA:1382,55
DA:1383,23
DA:1384,7
DA:1386,44
DA:1391,0
DA:1392,0
DA:1393,0
DA:1394,0
DA:1395,0
DA:1396,0
DA:1397,0
DA:1398,0
DA:1399,0
DA:1400,0
DA:1401,0
DA:1402,0
DA:1403,0
DA:1404,0
DA:1405,0
DA:1406,0
DA:1407,0
DA:1408,4
DA:1412,69
DA:1413,160
DA:1414,182
DA:1416,50
DA:1417,74
DA:1418,46
DA:1419,26
DA:1420,40
DA:1421,34
DA:1422,60
DA:1423,44
DA:1424,32
DA:1425,12
DA:1426,38
DA:1427,100
DA:1428,90
DA:1429,84
DA:1430,12
DA:1431,54
DA:1432,8
DA:1434,61
DA:1435,32
DA:1436,38
DA:1437,40
DA:1438,84
DA:1439,286
DA:1440,42
DA:1441,60
DA:1442,78
DA:1443,14
DA:1444,17
DA:1445,36
DA:1446,38
DA:1447,40
DA:1448,88
DA:1449,286
DA:1450,42
DA:1451,60
DA:1452,92
DA:1453,14
DA:1454,12
DA:1455,19
DA:1456,19
DA:1457,20
DA:1458,50
DA:1459,133
DA:1460,21
DA:1461,30
DA:1462,58
DA:1463,7
DA:1464,34
DA:1466,38
DA:1467,40
DA:1468,84
DA:1469,214
DA:1470,8
LF:1472
LH:774
end_of_record
TN:
SF:lib/services/booking-email-service.ts
FNF:12
FNH:4
DA:1,72
DA:2,60
DA:10,44
DA:12,51
DA:13,55
DA:51,26
DA:55,1
DA:56,13
DA:57,21
DA:58,5
DA:59,69
DA:61,11
DA:63,62
DA:66,24
DA:67,95
DA:68,12
DA:70,34
DA:71,47
DA:72,49
DA:73,34
DA:74,37
DA:75,39
DA:76,57
DA:77,42
DA:78,41
DA:79,101
DA:80,82
DA:81,43
DA:82,39
DA:83,86
DA:84,13
DA:85,37
DA:86,110
DA:87,103
DA:88,8
DA:90,104
DA:93,19
DA:94,0
DA:95,0
DA:96,0
DA:97,0
DA:98,0
DA:99,0
DA:100,0
DA:101,0
DA:102,0
DA:103,0
DA:104,0
DA:105,0
DA:106,0
DA:109,1
DA:110,21
DA:111,76
DA:112,45
DA:114,0
DA:115,0
DA:116,0
DA:117,0
DA:118,0
DA:119,0
DA:121,0
DA:122,0
DA:123,0
DA:124,0
DA:125,0
DA:126,0
DA:127,0
DA:128,0
DA:129,0
DA:130,0
DA:131,0
DA:132,0
DA:133,0
DA:134,0
DA:135,0
DA:136,0
DA:137,0
DA:138,0
DA:139,0
DA:140,0
DA:141,0
DA:142,0
DA:143,0
DA:144,0
DA:145,0
DA:146,0
DA:147,0
DA:148,0
DA:149,0
DA:150,0
DA:151,0
DA:152,0
DA:153,0
DA:154,0
DA:155,0
DA:156,0
DA:157,0
DA:158,0
DA:159,0
DA:160,0
DA:161,0
DA:162,0
DA:163,0
DA:164,0
DA:165,0
DA:166,0
DA:167,0
DA:168,0
DA:169,0
DA:170,0
DA:171,0
DA:172,0
DA:173,0
DA:174,0
DA:175,0
DA:176,0
DA:177,0
DA:178,0
DA:179,0
DA:180,0
DA:181,0
DA:182,0
DA:183,0
DA:184,0
DA:185,0
DA:186,0
DA:187,0
DA:188,0
DA:189,0
DA:190,0
DA:191,0
DA:192,0
DA:193,0
DA:194,0
DA:195,0
DA:196,0
DA:197,0
DA:198,0
DA:199,0
DA:200,0
DA:201,0
DA:202,0
DA:203,0
DA:204,0
DA:205,0
DA:206,0
DA:207,0
DA:208,0
DA:209,0
DA:210,0
DA:211,0
DA:212,0
DA:213,0
DA:214,0
DA:215,0
DA:216,0
DA:217,0
DA:218,0
DA:219,0
DA:220,0
DA:221,0
DA:222,0
DA:223,0
DA:224,0
DA:225,0
DA:226,0
DA:227,0
DA:228,0
DA:229,0
DA:230,0
DA:231,0
DA:232,0
DA:233,0
DA:234,0
DA:235,0
DA:236,0
DA:237,0
DA:238,0
DA:239,0
DA:240,0
DA:241,0
DA:242,0
DA:243,0
DA:244,0
DA:245,0
DA:246,0
DA:247,0
DA:248,0
DA:249,0
DA:250,0
DA:251,0
DA:252,0
DA:253,0
DA:254,0
DA:255,0
DA:256,0
DA:257,0
DA:258,0
DA:259,0
DA:260,0
DA:261,0
DA:262,0
DA:263,0
DA:264,0
DA:265,0
DA:266,0
DA:267,0
DA:268,0
DA:269,0
DA:270,0
DA:271,0
DA:272,0
DA:273,0
DA:274,0
DA:275,0
DA:276,0
DA:277,0
DA:278,0
DA:279,0
DA:280,0
DA:281,0
DA:282,0
DA:283,0
DA:284,0
DA:285,0
DA:286,0
DA:287,0
DA:288,0
DA:289,0
DA:290,0
DA:291,0
DA:292,0
DA:293,0
DA:294,0
DA:295,0
DA:296,0
DA:297,0
DA:298,0
DA:299,0
DA:300,0
DA:301,0
DA:302,0
DA:303,0
DA:304,0
DA:305,0
DA:306,0
DA:307,0
DA:308,0
DA:309,0
DA:310,0
DA:311,0
DA:312,0
DA:313,0
DA:314,0
DA:315,0
DA:316,0
DA:317,0
DA:318,0
DA:319,0
DA:320,0
DA:321,0
DA:322,0
DA:323,0
DA:324,0
DA:325,0
DA:326,0
DA:327,0
DA:328,0
DA:329,0
DA:330,0
DA:331,0
DA:332,0
DA:333,0
DA:334,0
DA:335,0
DA:336,0
DA:337,0
DA:338,0
DA:339,0
DA:340,0
DA:341,0
DA:342,0
DA:343,0
DA:344,0
DA:345,0
DA:346,0
DA:347,0
DA:348,0
DA:349,0
DA:350,0
DA:351,0
DA:352,0
DA:353,0
DA:354,0
DA:355,0
DA:356,0
DA:357,0
DA:358,0
DA:359,0
DA:360,0
DA:361,0
DA:362,0
DA:363,0
DA:364,0
DA:365,0
DA:366,0
DA:367,0
DA:368,0
DA:369,0
DA:370,0
DA:371,0
DA:372,0
DA:373,0
DA:374,0
DA:375,0
DA:376,0
DA:377,0
DA:378,0
DA:379,0
DA:380,0
DA:381,0
DA:382,0
DA:383,0
DA:384,0
DA:385,0
DA:386,0
DA:387,0
DA:388,0
DA:389,0
DA:390,0
DA:391,0
DA:392,0
DA:393,0
DA:394,0
DA:395,8
DA:402,1
DA:403,11
DA:404,11
DA:405,8
DA:406,11
DA:407,13
DA:408,5
DA:409,11
DA:410,77
DA:411,32
DA:412,32
DA:413,25
DA:414,32
DA:415,35
DA:416,9
DA:418,10
DA:419,0
DA:420,1
DA:421,21
DA:422,0
DA:423,0
DA:424,0
DA:425,0
DA:426,0
DA:427,0
DA:428,0
DA:429,0
DA:430,0
DA:431,0
DA:432,0
DA:433,0
DA:434,0
DA:435,0
DA:436,0
DA:437,0
DA:438,0
DA:439,0
DA:440,0
DA:441,0
DA:442,0
DA:443,0
DA:444,0
DA:445,0
DA:446,0
DA:447,0
DA:448,0
DA:449,0
DA:450,0
DA:451,0
DA:452,0
DA:453,0
DA:454,0
DA:455,0
DA:456,0
DA:457,0
DA:458,0
DA:459,0
DA:460,0
DA:461,0
DA:462,0
DA:463,0
DA:464,0
DA:465,0
DA:466,0
DA:467,0
DA:468,0
DA:469,0
DA:470,0
DA:471,0
DA:472,0
DA:473,0
DA:474,0
DA:475,0
DA:476,0
DA:477,0
DA:478,0
DA:479,0
DA:480,0
DA:481,0
DA:482,0
DA:483,0
DA:484,0
DA:485,0
DA:486,0
DA:487,0
DA:488,1
DA:491,1
LF:491
LH:62
end_of_record
TN:
SF:lib/services/docuseal-service.ts
FNF:9
FNH:2
DA:1,106
DA:3,124
DA:4,146
DA:5,118
DA:54,1
DA:57,0
DA:58,0
DA:59,0
DA:60,0
DA:61,0
DA:62,0
DA:63,0
DA:64,0
DA:65,0
DA:66,0
DA:67,0
DA:68,0
DA:69,0
DA:70,0
DA:71,0
DA:72,0
DA:73,0
DA:74,0
DA:75,0
DA:76,0
DA:77,0
DA:78,0
DA:79,0
DA:80,0
DA:81,0
DA:82,0
DA:83,0
DA:84,0
DA:85,0
DA:86,0
DA:87,0
DA:88,0
DA:89,0
DA:90,0
DA:91,0
DA:92,0
DA:93,0
DA:94,0
DA:95,0
DA:96,0
DA:97,0
DA:98,0
DA:99,0
DA:100,0
DA:101,0
DA:102,0
DA:103,13
DA:112,0
DA:113,0
DA:114,0
DA:115,0
DA:116,0
DA:117,0
DA:118,0
DA:119,0
DA:120,0
DA:121,0
DA:122,0
DA:123,0
DA:124,0
DA:125,0
DA:126,0
DA:127,0
DA:128,0
DA:129,45
DA:132,13
DA:133,78
DA:134,86
DA:135,94
DA:136,104
DA:137,106
DA:138,32
DA:139,10
DA:140,88
DA:141,54
DA:142,9
DA:144,88
DA:145,58
DA:146,86
DA:148,0
DA:149,0
DA:150,0
DA:151,0
DA:152,0
DA:153,0
DA:154,0
DA:155,0
DA:156,0
DA:157,0
DA:158,0
DA:159,0
DA:160,0
DA:161,0
DA:162,0
DA:163,0
DA:164,0
DA:165,0
DA:166,0
DA:167,0
DA:168,0
DA:169,0
DA:170,0
DA:171,0
DA:172,0
DA:173,0
DA:174,0
DA:175,0
DA:176,0
DA:177,0
DA:178,0
DA:179,0
DA:180,0
DA:181,0
DA:182,0
DA:183,0
DA:184,0
DA:185,0
DA:186,0
DA:187,0
DA:188,0
DA:189,0
DA:190,0
DA:191,0
DA:192,0
DA:193,0
DA:194,0
DA:195,0
DA:196,0
DA:197,0
DA:198,0
DA:199,0
DA:200,0
DA:201,0
DA:202,0
DA:203,0
DA:204,0
DA:205,0
DA:206,0
DA:207,0
DA:208,0
DA:209,0
DA:210,0
DA:211,0
DA:212,0
DA:213,0
DA:214,0
DA:215,0
DA:216,0
DA:217,0
DA:218,0
DA:219,0
DA:220,0
DA:221,0
DA:222,0
DA:223,0
DA:224,0
DA:225,0
DA:226,0
DA:227,0
DA:228,0
DA:229,0
DA:230,0
DA:231,0
DA:232,0
DA:233,0
DA:234,0
DA:235,0
DA:236,0
DA:237,0
DA:238,0
DA:239,0
DA:240,0
DA:241,0
DA:242,0
DA:243,0
DA:244,0
DA:245,0
DA:246,0
DA:247,0
DA:248,0
DA:249,0
DA:250,0
DA:251,0
DA:252,0
DA:253,0
DA:254,0
DA:255,0
DA:256,0
DA:257,0
DA:258,0
DA:259,0
DA:260,0
DA:261,0
DA:262,0
DA:263,0
DA:264,0
DA:265,0
DA:266,0
DA:267,0
DA:268,0
DA:269,0
DA:270,0
DA:271,0
DA:272,0
DA:273,0
DA:274,0
DA:275,0
DA:276,0
DA:277,0
DA:278,0
DA:279,0
DA:280,0
DA:281,0
DA:282,0
DA:283,0
DA:284,0
DA:285,0
DA:286,0
DA:287,0
DA:288,0
DA:289,0
DA:290,0
DA:291,0
DA:292,0
DA:293,0
DA:294,0
DA:295,0
DA:296,0
DA:297,0
DA:298,0
DA:299,0
DA:300,0
DA:301,0
DA:302,0
DA:303,0
DA:304,0
DA:305,0
DA:306,0
DA:307,0
DA:308,0
DA:309,0
DA:310,0
DA:311,0
DA:312,0
DA:313,0
DA:314,0
DA:315,0
DA:316,0
DA:317,0
DA:318,0
DA:319,0
DA:320,0
DA:321,0
DA:322,0
DA:323,0
DA:324,0
DA:325,0
DA:326,0
DA:327,0
DA:328,0
DA:329,0
DA:330,0
DA:331,0
DA:332,0
DA:333,0
DA:334,0
DA:335,0
DA:336,0
DA:337,0
DA:338,0
DA:339,0
DA:340,0
DA:341,0
DA:342,0
DA:343,0
DA:344,0
DA:345,0
DA:346,0
DA:347,0
DA:348,0
DA:349,0
DA:350,0
DA:351,0
DA:352,0
DA:353,0
DA:354,0
DA:355,0
DA:356,0
DA:357,0
DA:358,0
DA:359,0
DA:360,0
DA:361,0
DA:362,0
DA:363,0
DA:364,0
DA:365,0
DA:366,0
DA:367,0
DA:368,0
DA:369,0
DA:370,0
DA:371,0
DA:372,0
DA:373,0
DA:374,0
DA:375,0
DA:376,0
DA:377,0
DA:378,0
DA:379,0
DA:380,0
DA:381,0
DA:382,0
DA:383,0
DA:384,0
DA:385,0
DA:386,0
DA:387,0
DA:388,0
DA:389,0
DA:390,0
DA:391,0
DA:392,0
DA:393,0
DA:394,0
DA:395,0
DA:396,0
DA:397,0
DA:398,0
DA:399,0
DA:400,0
DA:401,0
DA:402,0
DA:403,0
DA:404,0
DA:405,0
DA:406,0
DA:407,0
DA:408,0
DA:409,0
DA:410,0
DA:411,0
DA:412,0
DA:413,0
DA:414,0
DA:415,0
DA:416,0
DA:417,0
DA:418,0
DA:419,0
DA:420,0
DA:421,0
DA:422,0
DA:423,0
DA:424,0
DA:425,0
DA:426,0
DA:427,0
DA:428,0
DA:429,0
DA:430,0
DA:431,0
DA:432,0
DA:433,0
DA:434,0
DA:435,0
DA:436,0
DA:437,0
DA:438,0
DA:439,0
DA:440,0
DA:441,0
DA:442,0
DA:443,0
DA:444,0
DA:445,0
DA:446,0
DA:447,0
DA:448,0
DA:449,0
DA:450,0
DA:451,0
DA:452,0
DA:453,0
DA:454,0
DA:455,0
DA:456,0
DA:457,0
DA:458,0
DA:459,0
DA:460,0
DA:461,0
DA:462,0
DA:463,0
DA:464,0
DA:465,0
DA:466,0
DA:467,0
DA:468,0
DA:469,0
DA:470,0
DA:471,0
DA:472,0
DA:473,0
DA:474,0
DA:475,0
DA:476,0
DA:477,0
DA:478,0
DA:479,0
DA:480,0
DA:481,0
DA:482,0
DA:483,0
DA:484,0
DA:485,0
DA:486,0
DA:487,0
DA:488,0
DA:489,0
DA:490,0
DA:491,0
DA:492,0
DA:493,0
DA:494,0
DA:495,0
DA:496,0
DA:497,0
DA:498,0
DA:499,0
DA:500,0
DA:501,0
DA:502,0
DA:503,0
DA:504,0
DA:505,0
DA:506,0
DA:507,0
DA:508,0
DA:509,0
DA:510,0
DA:511,0
DA:512,0
DA:513,0
DA:514,0
DA:515,0
DA:516,0
DA:517,0
DA:518,0
DA:519,0
DA:520,0
DA:521,0
DA:522,0
DA:523,0
DA:524,0
DA:525,0
DA:526,0
DA:527,0
DA:528,0
DA:529,0
DA:530,0
DA:531,0
DA:532,0
DA:533,0
DA:534,0
DA:535,0
DA:536,0
DA:537,0
DA:538,0
DA:539,0
DA:540,0
DA:541,0
DA:542,0
DA:543,0
DA:544,0
DA:545,0
DA:546,0
DA:547,0
DA:548,0
DA:549,0
DA:550,0
DA:551,0
DA:552,0
DA:553,0
DA:554,0
DA:555,0
DA:556,0
DA:557,0
DA:558,0
DA:559,0
DA:560,0
DA:561,0
DA:562,0
DA:563,0
DA:564,0
DA:565,0
DA:566,0
DA:567,0
DA:568,0
DA:569,0
DA:570,0
DA:571,0
DA:572,0
DA:573,0
DA:574,0
DA:575,0
DA:576,0
DA:577,0
DA:578,0
DA:579,0
DA:580,0
DA:581,0
DA:582,0
DA:583,0
DA:584,0
DA:585,0
DA:586,0
DA:587,0
DA:588,0
DA:589,0
DA:590,0
DA:591,0
DA:592,0
DA:593,0
DA:594,0
DA:595,0
DA:596,0
DA:597,0
DA:598,0
DA:599,0
DA:600,0
DA:601,0
DA:602,0
DA:603,0
DA:604,0
DA:605,0
DA:606,0
DA:607,0
DA:608,0
DA:609,0
DA:610,0
DA:611,0
DA:612,0
DA:613,0
DA:614,0
DA:615,0
DA:616,0
DA:617,0
DA:618,0
DA:619,0
DA:620,0
DA:621,0
DA:622,0
DA:623,0
DA:624,0
DA:625,0
DA:626,0
DA:627,0
DA:628,0
DA:629,0
DA:630,0
DA:631,0
DA:632,0
DA:633,0
DA:634,0
DA:635,0
DA:636,0
DA:637,0
DA:638,0
DA:639,0
DA:640,0
DA:641,0
DA:642,0
DA:643,0
DA:644,0
DA:645,0
DA:646,0
DA:647,0
DA:648,0
DA:649,0
DA:650,0
DA:651,0
DA:652,0
DA:653,0
DA:654,0
DA:655,0
DA:656,0
DA:657,12
DA:661,2
DA:664,54
DA:666,50
DA:667,53
DA:668,80
DA:669,3
DA:670,25
LF:672
LH:29
end_of_record
TN:
SF:lib/services/email-service-resend.ts
FNF:12
FNH:1
DA:1,32
DA:2,100
DA:3,100
DA:4,129
DA:9,114
DA:14,129
DA:19,129
DA:30,32
DA:31,26
DA:32,26
DA:85,36
DA:89,34
DA:90,27
DA:91,45
DA:93,65
DA:94,63
DA:95,12
DA:96,0
DA:98,0
DA:99,0
DA:100,0
DA:101,0
DA:103,3
DA:109,0
DA:110,0
DA:111,0
DA:112,0
DA:113,0
DA:114,0
DA:115,0
DA:116,0
DA:117,0
DA:118,0
DA:119,0
DA:120,0
DA:121,0
DA:122,0
DA:123,0
DA:124,0
DA:125,0
DA:126,0
DA:127,0
DA:128,0
DA:129,0
DA:130,0
DA:131,0
DA:132,0
DA:133,0
DA:134,0
DA:135,0
DA:136,0
DA:137,3
DA:143,0
DA:144,0
DA:145,0
DA:146,0
DA:147,0
DA:148,0
DA:149,0
DA:150,0
DA:151,0
DA:152,0
DA:153,0
DA:154,0
DA:155,0
DA:156,0
DA:157,0
DA:158,0
DA:159,0
DA:160,0
DA:161,0
DA:162,0
DA:163,0
DA:164,0
DA:165,0
DA:166,0
DA:167,0
DA:168,0
DA:169,0
DA:170,0
DA:171,0
DA:172,0
DA:173,0
DA:174,0
DA:175,0
DA:176,0
DA:177,0
DA:178,0
DA:179,0
DA:180,0
DA:181,0
DA:182,0
DA:183,0
DA:184,0
DA:185,0
DA:186,0
DA:187,0
DA:188,0
DA:189,0
DA:190,0
DA:191,0
DA:192,0
DA:193,3
DA:200,0
DA:201,3
DA:207,0
DA:208,3
DA:214,0
DA:215,3
DA:221,0
DA:222,3
DA:228,0
DA:229,0
DA:230,0
DA:231,0
DA:232,0
DA:233,0
DA:234,0
DA:235,0
DA:236,0
DA:237,0
DA:238,0
DA:239,0
DA:240,0
DA:241,3
DA:247,0
DA:248,0
DA:249,0
DA:250,0
DA:251,0
DA:252,0
DA:253,0
DA:254,0
DA:255,0
DA:256,0
DA:257,0
DA:258,0
DA:259,0
DA:260,3
DA:266,0
DA:267,0
DA:268,0
DA:269,0
DA:270,0
DA:271,0
DA:272,0
DA:273,0
DA:274,0
DA:275,0
DA:276,0
DA:277,0
DA:278,0
DA:279,3
DA:285,0
DA:286,0
DA:287,0
DA:288,0
DA:289,0
DA:290,0
DA:291,0
DA:292,0
DA:293,0
DA:294,0
DA:295,0
DA:296,0
DA:297,0
DA:298,3
DA:304,0
DA:305,0
DA:306,0
DA:307,0
DA:308,0
DA:309,0
DA:310,0
DA:311,0
DA:312,0
DA:313,0
DA:314,0
DA:315,0
DA:316,0
DA:317,0
DA:318,0
DA:319,0
DA:320,0
DA:321,0
DA:322,0
DA:323,0
DA:324,0
DA:325,0
DA:326,0
DA:327,1
DA:330,1
LF:334
LH:30
end_of_record
TN:
SF:lib/services/webhook-retry-service.ts
FNF:11
FNH:1
DA:1,105
DA:20,1
DA:22,89
DA:23,0
DA:24,0
DA:25,0
DA:26,0
DA:27,0
DA:28,0
DA:29,0
DA:30,0
DA:31,0
DA:32,0
DA:33,0
DA:34,0
DA:35,0
DA:36,0
DA:37,0
DA:38,0
DA:39,0
DA:40,0
DA:41,0
DA:42,0
DA:43,0
DA:44,0
DA:45,0
DA:46,0
DA:47,0
DA:48,0
DA:49,0
DA:50,0
DA:51,0
DA:52,0
DA:53,0
DA:54,0
DA:55,0
DA:56,0
DA:57,0
DA:58,0
DA:59,0
DA:60,0
DA:61,0
DA:62,0
DA:63,0
DA:64,0
DA:65,0
DA:66,0
DA:67,0
DA:68,0
DA:69,0
DA:70,0
DA:71,0
DA:72,0
DA:73,0
DA:74,0
DA:75,0
DA:76,0
DA:77,0
DA:78,0
DA:79,0
DA:80,0
DA:81,0
DA:82,0
DA:83,0
DA:84,0
DA:85,0
DA:86,0
DA:87,0
DA:88,0
DA:89,0
DA:90,0
DA:91,0
DA:92,0
DA:93,0
DA:94,0
DA:95,0
DA:96,0
DA:97,0
DA:98,0
DA:99,0
DA:100,0
DA:101,0
DA:102,0
DA:103,0
DA:104,0
DA:105,0
DA:106,0
DA:107,0
DA:108,0
DA:109,0
DA:110,0
DA:111,0
DA:112,0
DA:113,0
DA:114,0
DA:115,0
DA:116,0
DA:117,0
DA:118,0
DA:119,0
DA:120,0
DA:121,0
DA:122,0
DA:123,0
DA:124,0
DA:125,0
DA:126,0
DA:127,0
DA:128,0
DA:129,0
DA:130,0
DA:131,0
DA:132,0
DA:133,0
DA:134,0
DA:135,0
DA:136,0
DA:137,0
DA:138,0
DA:139,0
DA:140,0
DA:141,0
DA:142,0
DA:143,0
DA:144,0
DA:145,0
DA:146,0
DA:147,0
DA:148,0
DA:149,0
DA:150,0
DA:151,0
DA:152,0
DA:153,0
DA:154,0
DA:155,0
DA:156,0
DA:157,0
DA:158,0
DA:159,0
DA:160,0
DA:161,0
DA:162,0
DA:163,0
DA:164,0
DA:165,0
DA:166,0
DA:167,0
DA:168,0
DA:169,0
DA:170,0
DA:171,0
DA:172,0
DA:173,0
DA:174,0
DA:175,0
DA:176,0
DA:177,0
DA:178,0
DA:179,0
DA:180,0
DA:181,0
DA:182,0
DA:183,0
DA:184,0
DA:185,0
DA:186,0
DA:187,0
DA:188,0
DA:189,0
DA:190,0
DA:191,0
DA:192,0
DA:193,0
DA:194,0
DA:195,0
DA:196,0
DA:197,0
DA:198,0
DA:199,0
DA:200,0
DA:201,0
DA:202,0
DA:203,0
DA:204,0
DA:205,0
DA:206,0
DA:207,0
DA:208,0
DA:209,0
DA:210,0
DA:211,0
DA:212,0
DA:213,0
DA:214,0
DA:215,0
DA:216,0
DA:217,0
DA:218,0
DA:219,0
DA:220,0
DA:221,0
DA:222,0
DA:223,0
DA:224,0
DA:225,0
DA:226,0
DA:227,0
DA:228,0
DA:229,0
DA:230,0
DA:231,0
DA:232,0
DA:233,0
DA:234,0
DA:235,0
DA:236,0
DA:237,0
DA:238,0
DA:239,0
DA:240,0
DA:241,0
DA:242,0
DA:243,0
DA:244,0
DA:245,0
DA:246,0
DA:247,0
DA:248,0
DA:249,0
DA:250,0
DA:251,0
DA:252,0
DA:253,0
DA:254,0
DA:255,0
DA:256,0
DA:257,0
DA:258,0
DA:259,0
DA:260,0
DA:261,0
DA:262,0
DA:263,0
DA:264,0
DA:265,0
DA:266,0
DA:267,0
DA:268,0
DA:269,0
DA:270,0
DA:271,0
DA:272,0
DA:273,0
DA:274,0
DA:275,0
DA:276,0
DA:277,0
DA:278,0
DA:279,0
DA:280,0
DA:281,0
DA:282,0
DA:283,0
DA:284,0
DA:285,0
DA:286,0
DA:287,0
DA:288,0
DA:289,0
DA:290,0
DA:291,0
DA:292,0
DA:293,0
DA:294,0
DA:295,0
DA:296,0
DA:297,0
DA:298,0
DA:299,0
DA:300,0
DA:301,0
DA:302,0
DA:303,0
DA:304,0
DA:305,0
DA:306,0
DA:307,0
DA:308,0
DA:309,0
DA:310,0
DA:311,0
DA:312,0
DA:313,0
DA:314,0
DA:315,0
DA:316,0
DA:317,0
DA:318,0
DA:319,0
DA:320,0
DA:321,0
DA:322,0
DA:323,0
DA:324,0
DA:325,0
DA:326,0
DA:327,0
DA:328,0
DA:329,0
DA:330,0
DA:331,0
DA:332,0
DA:333,0
DA:334,0
DA:335,0
DA:336,0
DA:337,0
DA:338,0
DA:339,0
DA:340,0
DA:341,0
DA:342,0
DA:343,0
DA:344,0
DA:345,0
DA:346,0
DA:347,0
DA:348,0
DA:349,0
DA:350,0
DA:351,0
DA:352,0
DA:353,0
DA:354,0
DA:355,0
DA:356,0
DA:357,0
DA:358,0
DA:359,0
DA:360,0
DA:361,0
DA:362,0
DA:363,0
DA:364,0
DA:365,0
DA:366,0
DA:367,0
DA:368,0
DA:369,23
DA:372,2
LF:372
LH:5
end_of_record
TN:
SF:lib/supabase/server.ts
FNF:7
FNH:1
DA:1,51
DA:4,53
DA:5,114
DA:13,0
DA:14,0
DA:15,0
DA:16,0
DA:17,0
DA:18,0
DA:19,0
DA:20,0
DA:21,0
DA:22,0
DA:23,0
DA:24,0
DA:25,0
DA:26,0
DA:27,0
DA:28,0
DA:29,0
DA:30,0
DA:31,0
DA:32,0
DA:33,0
DA:34,0
DA:35,0
DA:36,0
DA:37,0
DA:38,0
DA:39,0
DA:40,0
DA:41,0
DA:42,0
DA:43,0
DA:44,0
DA:45,0
DA:46,0
DA:47,0
DA:48,0
DA:49,0
DA:50,0
DA:51,0
DA:52,0
DA:53,0
DA:54,0
DA:55,0
DA:56,0
DA:57,0
DA:58,0
DA:59,0
DA:60,0
DA:61,0
DA:62,1
DA:66,0
DA:67,0
DA:68,0
DA:69,0
DA:70,0
DA:71,0
DA:72,0
DA:73,0
DA:74,0
DA:75,0
DA:76,0
DA:77,0
DA:78,0
DA:79,0
DA:80,0
DA:81,0
DA:82,0
DA:83,0
DA:84,0
DA:85,0
DA:86,0
DA:87,0
DA:88,0
DA:89,0
DA:90,0
DA:91,0
DA:92,0
DA:93,0
DA:94,0
DA:95,0
DA:96,0
DA:97,1
DA:101,0
DA:102,0
DA:103,0
DA:104,0
DA:105,1
DA:109,0
DA:110,1
DA:115,11
DA:117,47
DA:118,67
DA:124,45
DA:125,78
DA:126,79
DA:127,0
DA:130,0
DA:131,0
DA:132,0
DA:133,0
DA:134,0
DA:135,0
DA:136,0
DA:137,0
DA:138,0
DA:139,1
DA:143,0
DA:144,0
DA:145,0
DA:146,1
DA:150,0
LF:152
LH:15
end_of_record
TN:
SF:lib/types/docuseal.ts
FNF:4
FNH:0
DA:167,37
DA:168,31
DA:169,32
DA:170,35
DA:171,36
DA:172,31
DA:173,2
DA:178,0
DA:179,1
DA:182,0
DA:183,0
DA:184,1
DA:187,0
DA:188,0
DA:189,0
DA:190,0
DA:191,0
DA:192,0
DA:193,0
DA:194,0
DA:195,0
DA:196,0
DA:197,0
DA:198,0
DA:199,0
DA:200,0
DA:201,0
DA:202,0
DA:203,0
DA:204,0
DA:205,0
DA:206,0
DA:207,1
DA:213,0
DA:214,0
DA:215,0
DA:216,0
DA:217,0
DA:218,0
DA:219,0
LF:221
LH:10
end_of_record
TN:
SF:lib/utils/error-handler.ts
FNF:8
FNH:4
DA:6,68
DA:25,1
DA:27,27
DA:28,128
DA:29,124
DA:32,56
DA:34,148
DA:35,128
DA:36,126
DA:37,124
DA:38,140
DA:39,144
DA:42,170
DA:43,186
DA:44,138
DA:45,178
DA:46,184
DA:47,196
DA:48,200
DA:51,208
DA:52,190
DA:53,168
DA:54,170
DA:57,172
DA:58,184
DA:59,202
DA:60,176
DA:61,12
DA:67,42
DA:69,69
DA:72,86
DA:75,84
DA:78,93
DA:80,168
DA:81,156
DA:82,129
DA:83,126
DA:84,135
DA:85,124
DA:86,9
DA:88,19
DA:94,34
DA:96,84
DA:98,102
DA:99,116
DA:102,54
DA:103,16
DA:104,53
DA:105,24
DA:106,68
DA:107,20
DA:108,30
DA:109,28
DA:110,32
DA:111,7
DA:112,6
DA:113,9
DA:116,32
DA:117,16
DA:118,31
DA:119,24
DA:120,36
DA:121,6
DA:122,9
DA:125,28
DA:126,138
DA:127,80
DA:128,9
DA:134,0
DA:135,0
DA:136,29
DA:142,0
DA:143,0
DA:144,34
DA:150,40
DA:151,86
DA:152,28
DA:153,46
DA:154,64
DA:155,0
DA:156,0
DA:157,0
DA:158,0
DA:159,0
DA:160,0
DA:161,0
DA:162,0
DA:163,0
DA:164,0
DA:165,0
DA:166,0
DA:167,0
DA:168,0
DA:169,0
DA:170,0
DA:171,36
DA:178,0
DA:179,0
DA:180,0
DA:181,0
DA:182,18
DA:184,2
DA:187,90
DA:190,47
LF:193
LH:80
end_of_record
TN:
SF:lib/utils/logger.ts
FNF:15
FNH:10
DA:20,1
DA:22,51
DA:23,128
DA:24,124
DA:25,132
DA:26,106
DA:27,152
DA:30,72
DA:31,34
DA:32,28
DA:33,30
DA:34,30
DA:35,32
DA:36,44
DA:37,30
DA:38,32
DA:39,38
DA:40,40
DA:41,24
DA:42,28
DA:43,28
DA:44,44
DA:45,48
DA:46,14
DA:52,32
DA:53,95
DA:55,89
DA:57,56
DA:58,51
DA:59,9
DA:61,50
DA:62,111
DA:63,82
DA:66,111
DA:67,125
DA:68,16
DA:70,42
DA:71,36
DA:72,128
DA:73,88
DA:74,31
DA:75,68
DA:77,9
DA:79,39
DA:85,35
DA:86,108
DA:87,29
DA:88,9
DA:90,108
DA:91,120
DA:92,108
DA:94,101
DA:100,62
DA:101,94
DA:102,122
DA:104,33
DA:105,96
DA:106,147
DA:107,9
DA:109,65
DA:112,0
DA:113,0
DA:114,0
DA:115,7
DA:118,0
DA:119,0
DA:120,0
DA:121,7
DA:124,46
DA:125,62
DA:126,53
DA:127,9
DA:130,49
DA:131,71
DA:132,103
DA:133,62
DA:134,106
DA:135,44
DA:136,30
DA:138,120
DA:139,9
DA:145,53
DA:146,94
DA:147,28
DA:148,162
DA:149,126
DA:150,96
DA:151,14
DA:154,124
DA:155,120
DA:156,120
DA:157,124
DA:159,106
DA:160,103
DA:161,158
DA:162,162
DA:164,42
DA:166,2
DA:169,78
DA:172,47
LF:175
LH:94
end_of_record
TN:
SF:tests/helpers/test-utils.ts
FNF:13
FNH:6
DA:1,42
DA:3,54
DA:5,77
DA:10,6
DA:11,5
DA:12,9
DA:13,3
DA:14,63
DA:15,58
DA:16,12
DA:17,38
DA:18,5
DA:21,20
DA:22,0
DA:23,0
DA:24,0
DA:25,0
DA:26,2
DA:28,15
DA:34,18
DA:35,37
DA:36,12
DA:42,16
DA:44,39
DA:45,42
DA:46,44
DA:47,42
DA:50,43
DA:51,46
DA:52,48
DA:53,46
DA:56,37
DA:57,33
DA:63,20
DA:64,35
DA:65,51
DA:66,77
DA:72,18
DA:73,44
DA:79,0
DA:80,0
DA:81,0
DA:82,0
DA:83,0
DA:84,0
DA:85,0
DA:86,0
DA:87,0
DA:88,0
DA:89,1
DA:95,0
DA:96,0
DA:97,0
DA:98,0
DA:99,0
DA:100,0
DA:101,0
DA:102,0
DA:103,0
DA:104,1
DA:111,0
DA:112,1
DA:118,0
DA:119,0
DA:120,0
DA:121,0
DA:122,0
DA:123,0
DA:124,0
DA:125,0
DA:126,1
DA:132,0
DA:133,0
DA:134,0
DA:135,0
DA:136,0
DA:137,0
DA:138,0
DA:139,0
DA:140,0
DA:141,0
DA:142,0
DA:143,0
DA:144,0
DA:145,0
DA:146,0
DA:147,0
DA:148,0
DA:149,0
DA:150,0
DA:151,0
DA:152,1
DA:159,0
DA:160,0
DA:161,0
DA:162,0
DA:163,1
DA:169,0
DA:170,0
DA:171,0
DA:172,0
DA:173,0
DA:174,0
DA:175,0
DA:176,0
LF:178
LH:41
end_of_record
TN:
SF:tests/integration/test-helpers.ts
FNF:6
FNH:0
DA:1,53
DA:16,29
DA:17,64
DA:18,85
DA:19,94
DA:20,77
DA:21,81
DA:22,2
DA:25,40
DA:26,25
DA:27,25
DA:28,3
DA:29,11
DA:30,26
DA:31,25
DA:32,2
DA:34,3
DA:37,31
DA:38,11
DA:39,7
DA:40,49
DA:41,33
DA:42,33
DA:43,21
DA:44,23
DA:45,17
DA:46,30
DA:47,22
DA:48,39
DA:49,20
DA:50,61
DA:51,50
DA:52,28
DA:53,32
DA:54,28
DA:55,25
DA:56,26
DA:57,28
DA:58,26
DA:59,24
DA:60,6
DA:61,7
DA:62,49
DA:63,26
DA:64,26
DA:65,19
DA:66,18
DA:67,17
DA:68,30
DA:69,22
DA:70,39
DA:71,20
DA:72,77
DA:73,48
DA:74,28
DA:75,32
DA:76,28
DA:77,25
DA:78,26
DA:79,29
DA:80,26
DA:81,24
DA:82,3
DA:83,4
DA:84,16
DA:85,7
DA:86,49
DA:87,37
DA:88,25
DA:89,24
DA:90,27
DA:91,33
DA:92,24
DA:93,18
DA:94,30
DA:95,24
DA:96,3
DA:97,2
DA:98,2
DA:103,0
DA:104,0
DA:105,0
DA:106,0
DA:107,0
DA:108,0
DA:109,0
DA:110,0
DA:111,0
DA:112,0
DA:113,0
DA:114,0
DA:115,0
DA:116,0
DA:117,0
DA:118,0
DA:119,0
DA:120,0
DA:121,0
DA:122,0
DA:123,0
DA:124,0
DA:125,0
DA:126,0
DA:127,0
DA:128,0
DA:129,0
DA:130,0
DA:131,0
DA:132,0
DA:133,0
DA:134,0
DA:135,0
DA:136,0
DA:137,0
DA:138,0
DA:139,0
DA:140,0
DA:141,0
DA:142,0
DA:143,0
DA:144,0
DA:145,0
DA:146,0
DA:147,0
DA:148,0
DA:149,0
DA:150,0
DA:151,0
DA:152,0
DA:153,0
DA:154,0
DA:155,1
DA:162,0
DA:163,0
DA:164,0
DA:165,0
DA:166,0
DA:167,0
DA:168,0
DA:169,0
DA:170,0
DA:171,0
DA:172,0
DA:173,0
DA:174,0
DA:175,0
DA:176,0
DA:177,0
DA:178,0
DA:179,0
DA:180,0
DA:181,0
DA:182,0
DA:183,0
DA:184,0
DA:185,0
DA:186,0
DA:187,0
DA:188,0
DA:189,0
DA:190,1
DA:198,0
DA:199,1
DA:205,0
DA:206,1
DA:212,0
DA:213,0
DA:214,0
DA:215,0
DA:216,0
DA:217,0
DA:218,0
DA:219,0
DA:220,0
DA:221,0
DA:222,0
DA:223,0
DA:224,0
DA:225,0
DA:226,0
DA:227,0
DA:228,0
DA:229,0
DA:230,0
DA:231,0
DA:232,0
DA:233,0
DA:234,0
DA:235,0
DA:236,0
DA:237,0
DA:238,1
DA:244,0
DA:245,0
DA:246,0
DA:247,0
DA:248,0
DA:249,0
DA:250,0
DA:251,0
DA:252,0
DA:253,0
DA:254,0
DA:255,0
DA:256,0
DA:257,0
DA:258,0
DA:259,0
DA:260,0
DA:261,0
DA:262,0
DA:263,0
LF:265
LH:84
end_of_record
TN:
SF:tests/mocks/email.ts
FNF:5
FNH:0
DA:1,52
DA:4,0
DA:5,0
DA:6,0
DA:7,0
DA:8,0
DA:9,0
DA:10,0
DA:11,0
DA:12,0
DA:13,0
DA:14,0
DA:15,0
DA:17,3
DA:19,0
DA:20,0
DA:21,0
DA:22,0
DA:23,0
DA:24,0
DA:25,0
DA:26,0
DA:27,0
DA:29,3
DA:31,0
DA:32,0
DA:33,0
DA:34,0
DA:35,0
DA:36,0
DA:37,0
DA:39,3
DA:41,0
DA:42,0
DA:43,0
DA:44,0
DA:45,0
DA:46,0
DA:47,0
DA:48,0
DA:50,3
DA:53,64
DA:55,0
DA:56,0
DA:57,0
DA:58,0
DA:59,1
LF:61
LH:7
end_of_record
TN:
SF:tests/mocks/paypal.ts
FNF:4
FNH:1
DA:1,52
DA:4,46
DA:7,0
DA:8,0
DA:9,0
DA:10,0
DA:11,0
DA:12,0
DA:13,0
DA:14,0
DA:15,0
DA:16,0
DA:17,0
DA:18,0
DA:19,0
DA:20,0
DA:21,0
DA:22,0
DA:23,0
DA:24,0
DA:25,0
DA:26,0
DA:27,0
DA:28,0
DA:29,0
DA:30,0
DA:31,0
DA:32,0
DA:33,0
DA:34,0
DA:35,0
DA:36,0
DA:37,0
DA:38,0
DA:39,0
DA:40,0
DA:41,0
DA:42,0
DA:43,0
DA:44,0
DA:45,0
DA:46,0
DA:47,0
DA:48,0
DA:49,0
DA:50,0
DA:51,0
DA:52,0
DA:53,0
DA:54,0
DA:55,0
DA:56,0
DA:57,0
DA:58,0
DA:59,0
DA:60,0
DA:61,0
DA:62,0
DA:63,0
DA:64,0
DA:65,0
DA:66,0
DA:67,0
DA:68,0
DA:69,0
DA:70,0
DA:71,0
DA:72,0
DA:73,0
DA:74,0
DA:75,0
DA:76,0
DA:77,0
DA:78,0
DA:79,0
DA:80,0
DA:81,0
DA:82,0
DA:83,0
DA:84,0
DA:85,0
DA:86,0
DA:87,0
DA:88,0
DA:89,0
DA:90,0
DA:91,0
DA:92,0
DA:93,0
DA:94,0
DA:95,0
DA:96,0
DA:97,0
DA:98,0
DA:99,0
DA:100,0
DA:101,0
DA:102,0
DA:103,0
DA:104,0
DA:105,0
DA:106,0
DA:107,0
DA:108,0
DA:109,0
DA:110,0
DA:111,0
DA:112,0
DA:113,0
DA:114,0
DA:115,0
DA:116,0
DA:117,0
DA:118,0
DA:119,0
DA:120,0
DA:121,0
DA:122,0
DA:123,0
DA:124,0
DA:125,0
DA:126,0
DA:127,0
DA:128,0
DA:129,0
DA:130,2
DA:134,0
DA:135,0
DA:136,0
DA:137,0
DA:139,3
DA:142,41
DA:143,11
DA:144,15
DA:145,13
DA:146,3
DA:147,12
DA:148,73
DA:149,26
DA:150,29
DA:151,34
DA:152,17
DA:153,44
DA:154,45
DA:155,36
DA:156,29
DA:157,21
DA:158,8
DA:159,29
DA:160,12
DA:161,6
DA:162,42
DA:163,22
DA:164,3
DA:168,39
DA:169,65
DA:170,63
DA:171,57
DA:172,51
DA:173,55
DA:174,55
DA:175,57
DA:176,55
DA:177,51
DA:178,61
DA:179,55
DA:180,1
LF:180
LH:40
end_of_record
TN:
SF:tests/mocks/redis.ts
FNF:27
FNH:13
DA:1,52
DA:4,44
DA:5,24
DA:7,12
DA:8,24
DA:9,35
DA:10,21
DA:11,6
DA:13,40
DA:14,34
DA:15,0
DA:16,6
DA:18,75
DA:19,33
DA:21,25
DA:22,37
DA:23,6
DA:25,12
DA:26,6
DA:28,0
DA:30,6
DA:32,0
DA:34,6
DA:36,0
DA:37,0
DA:38,0
DA:39,0
DA:40,0
DA:42,6
DA:44,0
DA:46,6
DA:48,0
DA:49,0
DA:50,0
DA:51,0
DA:52,0
DA:53,0
DA:55,6
DA:57,0
DA:58,0
DA:59,0
DA:60,0
DA:61,0
DA:62,0
DA:63,0
DA:64,0
DA:65,0
DA:66,0
DA:67,0
DA:68,0
DA:69,0
DA:70,0
DA:71,0
DA:72,0
DA:73,0
DA:74,0
DA:75,0
DA:76,0
DA:77,0
DA:78,0
DA:79,0
DA:80,0
DA:81,0
DA:82,0
DA:83,0
DA:84,0
DA:85,0
DA:86,0
DA:87,0
DA:88,0
DA:89,0
DA:90,0
DA:91,0
DA:92,0
DA:93,0
DA:94,0
DA:95,0
DA:96,0
DA:97,0
DA:99,6
DA:102,18
DA:103,12
DA:104,10
DA:105,10
DA:106,3
DA:110,38
DA:113,45
DA:114,46
DA:116,12
DA:117,24
DA:118,47
DA:119,13
DA:120,6
DA:122,36
DA:123,57
DA:124,12
DA:125,6
DA:127,0
DA:128,0
DA:130,6
DA:132,0
DA:133,0
DA:135,6
DA:137,43
DA:138,38
DA:139,6
DA:141,0
DA:142,0
DA:143,0
DA:144,0
DA:145,0
DA:146,0
DA:147,0
DA:148,0
DA:150,3
DA:151,3
DA:155,58
DA:156,62
DA:157,11
DA:158,2
LF:158
LH:52
end_of_record
TN:
SF:tests/mocks/supabase.ts
FNF:40
FNH:12
DA:1,52
DA:4,47
DA:5,24
DA:6,0
DA:7,0
DA:8,0
DA:9,0
DA:10,0
DA:11,0
DA:12,0
DA:13,0
DA:14,0
DA:15,0
DA:16,0
DA:17,0
DA:18,0
DA:19,0
DA:20,0
DA:21,0
DA:22,0
DA:23,0
DA:24,0
DA:25,0
DA:26,0
DA:27,0
DA:28,0
DA:29,0
DA:30,0
DA:31,0
DA:32,0
DA:33,0
DA:34,0
DA:35,0
DA:36,0
DA:37,0
DA:39,6
DA:41,18
DA:42,47
DA:43,35
DA:44,5
DA:45,6
DA:47,13
DA:48,21
DA:49,24
DA:50,20
DA:51,21
DA:52,28
DA:53,6
DA:55,16
DA:56,0
DA:57,0
DA:58,0
DA:59,0
DA:60,0
DA:61,0
DA:62,5
DA:63,3
DA:64,4
DA:66,19
DA:70,52
DA:73,57
DA:76,0
DA:77,0
DA:78,0
DA:79,0
DA:80,0
DA:81,0
DA:82,0
DA:83,0
DA:84,0
DA:85,0
DA:86,0
DA:87,0
DA:88,0
DA:89,0
DA:90,0
DA:91,0
DA:92,0
DA:93,0
DA:94,0
DA:95,0
DA:96,0
DA:97,2
DA:101,55
DA:102,26
DA:103,35
DA:104,18
DA:105,18
DA:106,18
DA:107,18
DA:108,31
DA:109,15
DA:110,14
DA:111,32
DA:112,14
DA:113,32
DA:114,16
DA:115,17
DA:116,14
DA:117,14
DA:118,20
DA:119,23
DA:120,32
DA:121,14
DA:122,18
DA:123,34
DA:124,17
DA:125,17
DA:126,53
DA:127,23
DA:128,30
DA:129,29
DA:130,37
DA:131,3
DA:132,4
DA:133,20
LF:134
LH:57
end_of_record
TN:
SF:tests/setup.ts
FNF:5
FNH:2
DA:2,67
DA:5,49
DA:6,16
DA:7,17
DA:8,19
DA:9,3
DA:10,61
DA:11,33
DA:12,17
DA:13,19
DA:14,3
DA:17,26
DA:18,19
DA:19,23
DA:20,21
DA:21,19
DA:22,2
DA:25,38
DA:26,0
DA:27,0
DA:28,0
DA:30,1
DA:33,17
DA:35,47
DA:36,3
DA:39,16
DA:41,39
DA:42,0
DA:43,0
DA:44,0
DA:45,1
DA:46,3
DA:49,33
DA:50,31
DA:51,30
DA:52,29
LF:52
LH:30
end_of_record
